Using pre-set license
Built from '2020.2/staging' branch; Version is '2020.2.7f1 (c53830e277f1) revision 12924976'; Using compiler version '192528614'; Build Type 'Release'
OS: 'Windows 10 Home; OS build 19042.985; Version 2009; 64bit' Language: 'ru' Physical Memory: 9885 MB
BatchMode: 1, IsHumanControllingUs: 0, StartBugReporterOnCrash: 0, Is64bit: 1, IsPro: 0

 COMMAND LINE ARGUMENTS:
C:\Program Files\Unity\Editor\Unity.exe
-adb2
-batchMode
-noUpm
-name
AssetImportWorker0
-projectPath
D:/Geekbrains/Curs/02ZnacomstvoUnity/HOMEWORKS/02/Bots collision
-logFile
Logs/AssetImportWorker0.log
-srvPort
50824
Successfully changed project path to: D:/Geekbrains/Curs/02ZnacomstvoUnity/HOMEWORKS/02/Bots collision
D:/Geekbrains/Curs/02ZnacomstvoUnity/HOMEWORKS/02/Bots collision
Using Asset Import Pipeline V2.
Refreshing native plugins compatible for Editor in 24.40 ms, found 0 plugins.
Preloading 0 native plugins for Editor in 0.00 ms.
Initialize engine version: 2020.2.7f1 (c53830e277f1)
[Subsystems] Discovering subsystems at path C:/Program Files/Unity/Editor/Data/Resources/UnitySubsystems
[Subsystems] Discovering subsystems at path D:/Geekbrains/Curs/02ZnacomstvoUnity/HOMEWORKS/02/Bots collision/Assets
GfxDevice: creating device client; threaded=0
Direct3D:
    Version:  Direct3D 11.0 [level 11.1]
    Renderer: AMD Radeon(TM) Graphics (ID=0x1636)
    Vendor:   
    VRAM:     4942 MB
    Driver:   27.20.11028.10001
Initialize mono
Mono path[0] = 'C:/Program Files/Unity/Editor/Data/Managed'
Mono path[1] = 'C:/Program Files/Unity/Editor/Data/MonoBleedingEdge/lib/mono/unityjit'
Mono config path = 'C:/Program Files/Unity/Editor/Data/MonoBleedingEdge/etc'
Using monoOptions --debugger-agent=transport=dt_socket,embedding=1,server=y,suspend=n,address=127.0.0.1:56268
Begin MonoManager ReloadAssembly
Registering precompiled unity dll's ...
Register platform support module: C:/Program Files/Unity/Editor/Data/PlaybackEngines/WindowsStandaloneSupport/UnityEditor.WindowsStandalone.Extensions.dll
Registered in 0.001631 seconds.
Native extension for WindowsStandalone target not found
Refreshing native plugins compatible for Editor in 23.33 ms, found 0 plugins.
Preloading 0 native plugins for Editor in 0.00 ms.
Invoked RoslynAnalysisRunner static constructor.
RoslynAnalysisRunner will not be running.
RoslynAnalysisRunner has terminated.
Mono: successfully reloaded assembly
- Completed reload, in  1.837 seconds
Platform modules already initialized, skipping
Registering precompiled user dll's ...
Registered in 0.000675 seconds.
Begin MonoManager ReloadAssembly
Native extension for WindowsStandalone target not found
Refreshing native plugins compatible for Editor in 0.23 ms, found 0 plugins.
Preloading 0 native plugins for Editor in 0.00 ms.
Invoked RoslynAnalysisRunner static constructor.
RoslynAnalysisRunner will not be running.
RoslynAnalysisRunner has terminated.
Mono: successfully reloaded assembly
- Completed reload, in  0.872 seconds
Platform modules already initialized, skipping
========================================================================
Worker process is ready to serve import requests
Launched and connected shader compiler UnityShaderCompiler.exe after 0.05 seconds
Refreshing native plugins compatible for Editor in 0.23 ms, found 0 plugins.
Preloading 0 native plugins for Editor in 0.00 ms.
Unloading 1127 Unused Serialized files (Serialized files now loaded: 0)
System memory in use before: 58.0 MB.
System memory in use after: 58.0 MB.

Unloading 10 unused Assets to reduce memory usage. Loaded Objects now: 1571.
Total: 2.449400 ms (FindLiveObjects: 0.258400 ms CreateObjectMapping: 0.080000 ms MarkObjects: 2.022400 ms  DeleteObjects: 0.086300 ms)

========================================================================
Received Import Request.
  path: Assets/Prefabs/Key.prefab
  artifactKey: Guid(e9d48d2fc95ca19409b0cc04d42c7dd5) Importer(815301076,1909f56bfc062723c751e8b465ee728b)
Start importing Assets/Prefabs/Key.prefab using Guid(e9d48d2fc95ca19409b0cc04d42c7dd5) Importer(815301076,1909f56bfc062723c751e8b465ee728b)  -> (artifact id: '1625e96c9b3ded38abedc1c8e290c15d') in 0.115060 seconds
  Import took 0.117746 seconds .

========================================================================
Received Import Request.
  Time since last request: 0.000218 seconds.
  path: Assets/Prefabs/GUN.prefab
  artifactKey: Guid(cbb1396352290ca40a491cee9b5ef089) Importer(815301076,1909f56bfc062723c751e8b465ee728b)
Start importing Assets/Prefabs/GUN.prefab using Guid(cbb1396352290ca40a491cee9b5ef089) Importer(815301076,1909f56bfc062723c751e8b465ee728b)  -> (artifact id: '36be64d5c5854df326797e1313635470') in 0.024441 seconds
  Import took 0.027434 seconds .

========================================================================
Received Import Request.
  Time since last request: 15.530878 seconds.
  path: Assets/Prefabs/Turrel.prefab
  artifactKey: Guid(2fc6501ff49f07c4480adcf1dd4dd430) Importer(815301076,1909f56bfc062723c751e8b465ee728b)
Start importing Assets/Prefabs/Turrel.prefab using Guid(2fc6501ff49f07c4480adcf1dd4dd430) Importer(815301076,1909f56bfc062723c751e8b465ee728b)  -> (artifact id: '80b0061ad859f2de485ca0d4c4d467f3') in 0.051019 seconds
  Import took 0.054059 seconds .

========================================================================
Received Prepare
Registering precompiled user dll's ...
Registered in 0.000726 seconds.
Begin MonoManager ReloadAssembly
Native extension for WindowsStandalone target not found
Refreshing native plugins compatible for Editor in 0.24 ms, found 0 plugins.
Preloading 0 native plugins for Editor in 0.00 ms.
Invoked RoslynAnalysisRunner static constructor.
RoslynAnalysisRunner will not be running.
RoslynAnalysisRunner has terminated.
Mono: successfully reloaded assembly
- Completed reload, in  0.826 seconds
Platform modules already initialized, skipping
Refreshing native plugins compatible for Editor in 0.24 ms, found 0 plugins.
Preloading 0 native plugins for Editor in 0.00 ms.
Unloading 1122 Unused Serialized files (Serialized files now loaded: 0)
System memory in use before: 61.1 MB.
System memory in use after: 61.2 MB.

Unloading 6 unused Assets to reduce memory usage. Loaded Objects now: 1583.
Total: 2.456000 ms (FindLiveObjects: 0.257900 ms CreateObjectMapping: 0.065400 ms MarkObjects: 2.069400 ms  DeleteObjects: 0.060700 ms)

========================================================================
Received Import Request.
  Time since last request: 171.196306 seconds.
  path: Assets/Prefabs/Wallx2,5_1 Variant.prefab
  artifactKey: Guid(fda98d42de48c504ebdee693ad1045a5) Importer(815301076,1909f56bfc062723c751e8b465ee728b)
Start importing Assets/Prefabs/Wallx2,5_1 Variant.prefab using Guid(fda98d42de48c504ebdee693ad1045a5) Importer(815301076,1909f56bfc062723c751e8b465ee728b)  -> (artifact id: '21834d0d7e5cd9f82add2d3b11390213') in 0.069192 seconds
  Import took 0.072500 seconds .

========================================================================
Received Import Request.
  Time since last request: 12.442499 seconds.
  path: Assets/Prefabs/Wallx2,5_1 Variant.prefab
  artifactKey: Guid(fda98d42de48c504ebdee693ad1045a5) Importer(815301076,1909f56bfc062723c751e8b465ee728b)
Start importing Assets/Prefabs/Wallx2,5_1 Variant.prefab using Guid(fda98d42de48c504ebdee693ad1045a5) Importer(815301076,1909f56bfc062723c751e8b465ee728b)  -> (artifact id: 'cbf632d1ffa3e013121c2b0830eb41aa') in 0.019850 seconds
  Import took 0.023491 seconds .

========================================================================
Received Import Request.
  Time since last request: 0.001383 seconds.
  path: Assets/Prefabs/Wallx2,5_1 Variant.prefab
  artifactKey: Guid(fda98d42de48c504ebdee693ad1045a5) Importer(815301076,1909f56bfc062723c751e8b465ee728b)
Start importing Assets/Prefabs/Wallx2,5_1 Variant.prefab using Guid(fda98d42de48c504ebdee693ad1045a5) Importer(815301076,1909f56bfc062723c751e8b465ee728b)  -> (artifact id: 'cbf632d1ffa3e013121c2b0830eb41aa') in 0.017353 seconds
  Import took 0.019944 seconds .

========================================================================
Received Import Request.
  Time since last request: 3.179144 seconds.
  path: Assets/Prefabs/Wallx2,5 Variant.prefab
  artifactKey: Guid(52fe76a716f13ca4f8024cad26a8edbd) Importer(815301076,1909f56bfc062723c751e8b465ee728b)
Start importing Assets/Prefabs/Wallx2,5 Variant.prefab using Guid(52fe76a716f13ca4f8024cad26a8edbd) Importer(815301076,1909f56bfc062723c751e8b465ee728b)  -> (artifact id: '2e44288f732071f9b6efa802cf23ae85') in 0.031192 seconds
  Import took 0.033765 seconds .

========================================================================
Received Import Request.
  Time since last request: 3.164841 seconds.
  path: Assets/Prefabs/Wallx2,5 Variant.prefab
  artifactKey: Guid(52fe76a716f13ca4f8024cad26a8edbd) Importer(815301076,1909f56bfc062723c751e8b465ee728b)
Start importing Assets/Prefabs/Wallx2,5 Variant.prefab using Guid(52fe76a716f13ca4f8024cad26a8edbd) Importer(815301076,1909f56bfc062723c751e8b465ee728b)  -> (artifact id: '88ec28686a7f7ffca4c0ce4a5c69c876') in 0.023343 seconds
  Import took 0.026286 seconds .

========================================================================
Received Import Request.
  Time since last request: 0.004206 seconds.
  path: Assets/Prefabs/Wallx2,5 Variant.prefab
  artifactKey: Guid(52fe76a716f13ca4f8024cad26a8edbd) Importer(815301076,1909f56bfc062723c751e8b465ee728b)
Start importing Assets/Prefabs/Wallx2,5 Variant.prefab using Guid(52fe76a716f13ca4f8024cad26a8edbd) Importer(815301076,1909f56bfc062723c751e8b465ee728b)  -> (artifact id: '88ec28686a7f7ffca4c0ce4a5c69c876') in 0.023352 seconds
  Import took 0.026447 seconds .

========================================================================
Received Import Request.
  Time since last request: 3.362774 seconds.
  path: Assets/Prefabs/Wallx2,5_1 Variant.prefab
  artifactKey: Guid(fda98d42de48c504ebdee693ad1045a5) Importer(815301076,1909f56bfc062723c751e8b465ee728b)
Start importing Assets/Prefabs/Wallx2,5_1 Variant.prefab using Guid(fda98d42de48c504ebdee693ad1045a5) Importer(815301076,1909f56bfc062723c751e8b465ee728b)  -> (artifact id: 'd15a4b82e94bb1567969c786012b15fc') in 0.023842 seconds
  Import took 0.028244 seconds .

========================================================================
Received Import Request.
  Time since last request: 0.000211 seconds.
  path: Assets/Prefabs/Wallx5.prefab
  artifactKey: Guid(3dc8dd8d90696e040a75ccfb61f5b74d) Importer(815301076,1909f56bfc062723c751e8b465ee728b)
Start importing Assets/Prefabs/Wallx5.prefab using Guid(3dc8dd8d90696e040a75ccfb61f5b74d) Importer(815301076,1909f56bfc062723c751e8b465ee728b)  -> (artifact id: '7c7171cfec800fbffbc56e5d464d0a56') in 0.031010 seconds
  Import took 0.034176 seconds .

========================================================================
Received Import Request.
  Time since last request: 0.010304 seconds.
  path: Assets/Prefabs/Wallx5.prefab
  artifactKey: Guid(3dc8dd8d90696e040a75ccfb61f5b74d) Importer(815301076,1909f56bfc062723c751e8b465ee728b)
Start importing Assets/Prefabs/Wallx5.prefab using Guid(3dc8dd8d90696e040a75ccfb61f5b74d) Importer(815301076,1909f56bfc062723c751e8b465ee728b)  -> (artifact id: '7c7171cfec800fbffbc56e5d464d0a56') in 0.022971 seconds
  Import took 0.026431 seconds .

========================================================================
Received Import Request.
  Time since last request: 2.570347 seconds.
  path: Assets/Prefabs/Wallx2,5_1 Variant.prefab
  artifactKey: Guid(fda98d42de48c504ebdee693ad1045a5) Importer(815301076,1909f56bfc062723c751e8b465ee728b)
Start importing Assets/Prefabs/Wallx2,5_1 Variant.prefab using Guid(fda98d42de48c504ebdee693ad1045a5) Importer(815301076,1909f56bfc062723c751e8b465ee728b)  -> (artifact id: '57483ced7565aa0ff3e99b88d35085d8') in 0.018719 seconds
  Import took 0.021702 seconds .

========================================================================
Received Import Request.
  Time since last request: 0.000219 seconds.
  path: Assets/Prefabs/Wallx5.prefab
  artifactKey: Guid(3dc8dd8d90696e040a75ccfb61f5b74d) Importer(815301076,1909f56bfc062723c751e8b465ee728b)
Start importing Assets/Prefabs/Wallx5.prefab using Guid(3dc8dd8d90696e040a75ccfb61f5b74d) Importer(815301076,1909f56bfc062723c751e8b465ee728b)  -> (artifact id: 'f74bc64e8264971ffdad4a5237759c07') in 0.016753 seconds
  Import took 0.018969 seconds .

========================================================================
Received Import Request.
  Time since last request: 3.903866 seconds.
  path: Assets/Prefabs/Wallx2,5 Variant.prefab
  artifactKey: Guid(52fe76a716f13ca4f8024cad26a8edbd) Importer(815301076,1909f56bfc062723c751e8b465ee728b)
Start importing Assets/Prefabs/Wallx2,5 Variant.prefab using Guid(52fe76a716f13ca4f8024cad26a8edbd) Importer(815301076,1909f56bfc062723c751e8b465ee728b)  -> (artifact id: '92b9371de0ab35da0d46fdbaf7675b99') in 0.024921 seconds
  Import took 0.028793 seconds .

========================================================================
Received Import Request.
  Time since last request: 0.000203 seconds.
  path: Assets/Prefabs/Wallx10.prefab
  artifactKey: Guid(380f5e3654c91214aa8ff381f4df8b74) Importer(815301076,1909f56bfc062723c751e8b465ee728b)
Start importing Assets/Prefabs/Wallx10.prefab using Guid(380f5e3654c91214aa8ff381f4df8b74) Importer(815301076,1909f56bfc062723c751e8b465ee728b)  -> (artifact id: '250a6a78b597a8f1cd34309a3b2934a1') in 0.022950 seconds
  Import took 0.026271 seconds .

========================================================================
Received Import Request.
  Time since last request: 2.457216 seconds.
  path: Assets/Prefabs/Wallx2,5 Variant.prefab
  artifactKey: Guid(52fe76a716f13ca4f8024cad26a8edbd) Importer(815301076,1909f56bfc062723c751e8b465ee728b)
Start importing Assets/Prefabs/Wallx2,5 Variant.prefab using Guid(52fe76a716f13ca4f8024cad26a8edbd) Importer(815301076,1909f56bfc062723c751e8b465ee728b)  -> (artifact id: '0fbe811b55cca4be9abd81a3b34d0795') in 0.020484 seconds
  Import took 0.023861 seconds .

========================================================================
Received Import Request.
  Time since last request: 0.000282 seconds.
  path: Assets/Prefabs/Wallx10.prefab
  artifactKey: Guid(380f5e3654c91214aa8ff381f4df8b74) Importer(815301076,1909f56bfc062723c751e8b465ee728b)
Start importing Assets/Prefabs/Wallx10.prefab using Guid(380f5e3654c91214aa8ff381f4df8b74) Importer(815301076,1909f56bfc062723c751e8b465ee728b)  -> (artifact id: 'd850032d646e9d490277c4586df1dff4') in 0.015302 seconds
  Import took 0.017998 seconds .

========================================================================
Received Prepare
Registering precompiled user dll's ...
Registered in 0.001201 seconds.
Begin MonoManager ReloadAssembly
Native extension for WindowsStandalone target not found
Refreshing native plugins compatible for Editor in 0.24 ms, found 0 plugins.
Preloading 0 native plugins for Editor in 0.00 ms.
Invoked RoslynAnalysisRunner static constructor.
RoslynAnalysisRunner will not be running.
RoslynAnalysisRunner has terminated.
Mono: successfully reloaded assembly
- Completed reload, in  0.836 seconds
Platform modules already initialized, skipping
Refreshing native plugins compatible for Editor in 0.32 ms, found 0 plugins.
Preloading 0 native plugins for Editor in 0.00 ms.
Unloading 1122 Unused Serialized files (Serialized files now loaded: 0)
System memory in use before: 61.1 MB.
System memory in use after: 61.2 MB.

Unloading 5 unused Assets to reduce memory usage. Loaded Objects now: 1587.
Total: 2.307800 ms (FindLiveObjects: 0.202500 ms CreateObjectMapping: 0.031400 ms MarkObjects: 2.014100 ms  DeleteObjects: 0.058500 ms)

========================================================================
Received Import Request.
  Time since last request: 15.848208 seconds.
  path: Assets/Prefabs/Wallx10.prefab
  artifactKey: Guid(380f5e3654c91214aa8ff381f4df8b74) Importer(815301076,1909f56bfc062723c751e8b465ee728b)
Start importing Assets/Prefabs/Wallx10.prefab using Guid(380f5e3654c91214aa8ff381f4df8b74) Importer(815301076,1909f56bfc062723c751e8b465ee728b)  -> (artifact id: '05c372b948e943f5f893166cc249825c') in 0.065700 seconds
  Import took 0.068387 seconds .

========================================================================
Received Import Request.
  Time since last request: 0.000218 seconds.
  path: Assets/Prefabs/Wallx2,5 Variant.prefab
  artifactKey: Guid(52fe76a716f13ca4f8024cad26a8edbd) Importer(815301076,1909f56bfc062723c751e8b465ee728b)
Start importing Assets/Prefabs/Wallx2,5 Variant.prefab using Guid(52fe76a716f13ca4f8024cad26a8edbd) Importer(815301076,1909f56bfc062723c751e8b465ee728b)  -> (artifact id: 'c43b20f5b1f6db564d6d1fc3ae3e3c25') in 0.022279 seconds
  Import took 0.026182 seconds .

========================================================================
Received Import Request.
  Time since last request: 0.188262 seconds.
  path: Assets/Prefabs/Wallx2,5 Variant.prefab
  artifactKey: Guid(52fe76a716f13ca4f8024cad26a8edbd) Importer(815301076,1909f56bfc062723c751e8b465ee728b)
Start importing Assets/Prefabs/Wallx2,5 Variant.prefab using Guid(52fe76a716f13ca4f8024cad26a8edbd) Importer(815301076,1909f56bfc062723c751e8b465ee728b)  -> (artifact id: '4622a5efc4ca6ba6408df0d05830347c') in 0.018658 seconds
  Import took 0.021211 seconds .

========================================================================
Received Import Request.
  Time since last request: 0.000201 seconds.
  path: Assets/Prefabs/Wallx10.prefab
  artifactKey: Guid(380f5e3654c91214aa8ff381f4df8b74) Importer(815301076,1909f56bfc062723c751e8b465ee728b)
Start importing Assets/Prefabs/Wallx10.prefab using Guid(380f5e3654c91214aa8ff381f4df8b74) Importer(815301076,1909f56bfc062723c751e8b465ee728b)  -> (artifact id: '9fe2a1df45d027b71cf363e1595c549f') in 0.013978 seconds
  Import took 0.016553 seconds .

========================================================================
Received Import Request.
  Time since last request: 0.307788 seconds.
  path: Assets/Prefabs/Wallx2,5 Variant.prefab
  artifactKey: Guid(52fe76a716f13ca4f8024cad26a8edbd) Importer(815301076,1909f56bfc062723c751e8b465ee728b)
Start importing Assets/Prefabs/Wallx2,5 Variant.prefab using Guid(52fe76a716f13ca4f8024cad26a8edbd) Importer(815301076,1909f56bfc062723c751e8b465ee728b)  -> (artifact id: 'b1eead02ee4900cf7bd9a769589d3ddf') in 0.018680 seconds
  Import took 0.021044 seconds .

========================================================================
Received Import Request.
  Time since last request: 0.000205 seconds.
  path: Assets/Prefabs/Wallx10.prefab
  artifactKey: Guid(380f5e3654c91214aa8ff381f4df8b74) Importer(815301076,1909f56bfc062723c751e8b465ee728b)
Start importing Assets/Prefabs/Wallx10.prefab using Guid(380f5e3654c91214aa8ff381f4df8b74) Importer(815301076,1909f56bfc062723c751e8b465ee728b)  -> (artifact id: 'd428134e0284c4ece608dac80c0413ea') in 0.014079 seconds
  Import took 0.016171 seconds .

========================================================================
Received Import Request.
  Time since last request: 4.234027 seconds.
  path: Assets/Prefabs/Wallx2,5_1 Variant.prefab
  artifactKey: Guid(fda98d42de48c504ebdee693ad1045a5) Importer(815301076,1909f56bfc062723c751e8b465ee728b)
Start importing Assets/Prefabs/Wallx2,5_1 Variant.prefab using Guid(fda98d42de48c504ebdee693ad1045a5) Importer(815301076,1909f56bfc062723c751e8b465ee728b)  -> (artifact id: '8800e29ed2012a82e24e55c3c3c37440') in 0.016662 seconds
  Import took 0.019441 seconds .

========================================================================
Received Import Request.
  Time since last request: 0.000176 seconds.
  path: Assets/Prefabs/Wallx5.prefab
  artifactKey: Guid(3dc8dd8d90696e040a75ccfb61f5b74d) Importer(815301076,1909f56bfc062723c751e8b465ee728b)
Start importing Assets/Prefabs/Wallx5.prefab using Guid(3dc8dd8d90696e040a75ccfb61f5b74d) Importer(815301076,1909f56bfc062723c751e8b465ee728b)  -> (artifact id: 'a310e7a411f158f5d280ce2488cf5510') in 0.013691 seconds
  Import took 0.016606 seconds .

========================================================================
Received Import Request.
  Time since last request: 0.297855 seconds.
  path: Assets/Prefabs/Wallx2,5_1 Variant.prefab
  artifactKey: Guid(fda98d42de48c504ebdee693ad1045a5) Importer(815301076,1909f56bfc062723c751e8b465ee728b)
Start importing Assets/Prefabs/Wallx2,5_1 Variant.prefab using Guid(fda98d42de48c504ebdee693ad1045a5) Importer(815301076,1909f56bfc062723c751e8b465ee728b)  -> (artifact id: '267f841aff3dc39cca159c7b482b4f19') in 0.015497 seconds
  Import took 0.018460 seconds .

========================================================================
Received Import Request.
  Time since last request: 0.000189 seconds.
  path: Assets/Prefabs/Wallx5.prefab
  artifactKey: Guid(3dc8dd8d90696e040a75ccfb61f5b74d) Importer(815301076,1909f56bfc062723c751e8b465ee728b)
Start importing Assets/Prefabs/Wallx5.prefab using Guid(3dc8dd8d90696e040a75ccfb61f5b74d) Importer(815301076,1909f56bfc062723c751e8b465ee728b)  -> (artifact id: '9b3c0e50f3898fa493592092e1a80b33') in 0.013754 seconds
  Import took 0.016170 seconds .

========================================================================
Received Import Request.
  Time since last request: 0.515728 seconds.
  path: Assets/Prefabs/Wallx2,5_1 Variant.prefab
  artifactKey: Guid(fda98d42de48c504ebdee693ad1045a5) Importer(815301076,1909f56bfc062723c751e8b465ee728b)
Start importing Assets/Prefabs/Wallx2,5_1 Variant.prefab using Guid(fda98d42de48c504ebdee693ad1045a5) Importer(815301076,1909f56bfc062723c751e8b465ee728b)  -> (artifact id: 'ca13d151d005b8f35cd99685ad78eed7') in 0.016280 seconds
  Import took 0.019017 seconds .

========================================================================
Received Import Request.
  Time since last request: 0.000190 seconds.
  path: Assets/Prefabs/Wallx5.prefab
  artifactKey: Guid(3dc8dd8d90696e040a75ccfb61f5b74d) Importer(815301076,1909f56bfc062723c751e8b465ee728b)
Start importing Assets/Prefabs/Wallx5.prefab using Guid(3dc8dd8d90696e040a75ccfb61f5b74d) Importer(815301076,1909f56bfc062723c751e8b465ee728b)  -> (artifact id: 'e7a85f09bfbe964e80400a70599e1a42') in 0.013363 seconds
  Import took 0.015959 seconds .

========================================================================
Received Import Request.
  Time since last request: 1.773989 seconds.
  path: Assets/Prefabs/Wallx2,5_1 Variant.prefab
  artifactKey: Guid(fda98d42de48c504ebdee693ad1045a5) Importer(815301076,1909f56bfc062723c751e8b465ee728b)
Start importing Assets/Prefabs/Wallx2,5_1 Variant.prefab using Guid(fda98d42de48c504ebdee693ad1045a5) Importer(815301076,1909f56bfc062723c751e8b465ee728b)  -> (artifact id: '94fe20265ff1f859c6516046ac701ddb') in 0.016547 seconds
  Import took 0.018764 seconds .

========================================================================
Received Import Request.
  Time since last request: 0.000202 seconds.
  path: Assets/Prefabs/Wallx5.prefab
  artifactKey: Guid(3dc8dd8d90696e040a75ccfb61f5b74d) Importer(815301076,1909f56bfc062723c751e8b465ee728b)
Start importing Assets/Prefabs/Wallx5.prefab using Guid(3dc8dd8d90696e040a75ccfb61f5b74d) Importer(815301076,1909f56bfc062723c751e8b465ee728b)  -> (artifact id: '4013643fa4d6f1d0c20dcf36fbf72094') in 0.013662 seconds
  Import took 0.015762 seconds .

========================================================================
Received Import Request.
  Time since last request: 0.303530 seconds.
  path: Assets/Prefabs/Wallx2,5_1 Variant.prefab
  artifactKey: Guid(fda98d42de48c504ebdee693ad1045a5) Importer(815301076,1909f56bfc062723c751e8b465ee728b)
Start importing Assets/Prefabs/Wallx2,5_1 Variant.prefab using Guid(fda98d42de48c504ebdee693ad1045a5) Importer(815301076,1909f56bfc062723c751e8b465ee728b)  -> (artifact id: '3b2aceb2d6a879ead25bc004e2e33ecd') in 0.015971 seconds
  Import took 0.019233 seconds .

========================================================================
Received Import Request.
  Time since last request: 0.000172 seconds.
  path: Assets/Prefabs/Wallx5.prefab
  artifactKey: Guid(3dc8dd8d90696e040a75ccfb61f5b74d) Importer(815301076,1909f56bfc062723c751e8b465ee728b)
Start importing Assets/Prefabs/Wallx5.prefab using Guid(3dc8dd8d90696e040a75ccfb61f5b74d) Importer(815301076,1909f56bfc062723c751e8b465ee728b)  -> (artifact id: 'aeb10851550cfd905ef6dd98a1cb5f9e') in 0.013398 seconds
  Import took 0.015475 seconds .

========================================================================
Received Import Request.
  Time since last request: 0.505455 seconds.
  path: Assets/Prefabs/Wallx2,5_1 Variant.prefab
  artifactKey: Guid(fda98d42de48c504ebdee693ad1045a5) Importer(815301076,1909f56bfc062723c751e8b465ee728b)
Start importing Assets/Prefabs/Wallx2,5_1 Variant.prefab using Guid(fda98d42de48c504ebdee693ad1045a5) Importer(815301076,1909f56bfc062723c751e8b465ee728b)  -> (artifact id: 'fc9d271aac39fae7b36f5e1f4e496456') in 0.016127 seconds
  Import took 0.018454 seconds .

========================================================================
Received Import Request.
  Time since last request: 0.000234 seconds.
  path: Assets/Prefabs/Wallx5.prefab
  artifactKey: Guid(3dc8dd8d90696e040a75ccfb61f5b74d) Importer(815301076,1909f56bfc062723c751e8b465ee728b)
Start importing Assets/Prefabs/Wallx5.prefab using Guid(3dc8dd8d90696e040a75ccfb61f5b74d) Importer(815301076,1909f56bfc062723c751e8b465ee728b)  -> (artifact id: 'b8c2d423838cac921073b02c52805a16') in 0.014262 seconds
  Import took 0.017166 seconds .

========================================================================
Received Import Request.
  Time since last request: 2.277809 seconds.
  path: Assets/Prefabs/Wallx2,5_1 Variant.prefab
  artifactKey: Guid(fda98d42de48c504ebdee693ad1045a5) Importer(815301076,1909f56bfc062723c751e8b465ee728b)
Start importing Assets/Prefabs/Wallx2,5_1 Variant.prefab using Guid(fda98d42de48c504ebdee693ad1045a5) Importer(815301076,1909f56bfc062723c751e8b465ee728b)  -> (artifact id: '9bb731c19462490443dd8c7023dbc13e') in 0.016155 seconds
  Import took 0.019012 seconds .

========================================================================
Received Import Request.
  Time since last request: 0.004799 seconds.
  path: Assets/Prefabs/Wallx2,5_1 Variant.prefab
  artifactKey: Guid(fda98d42de48c504ebdee693ad1045a5) Importer(815301076,1909f56bfc062723c751e8b465ee728b)
Start importing Assets/Prefabs/Wallx2,5_1 Variant.prefab using Guid(fda98d42de48c504ebdee693ad1045a5) Importer(815301076,1909f56bfc062723c751e8b465ee728b)  -> (artifact id: '9bb731c19462490443dd8c7023dbc13e') in 0.014593 seconds
  Import took 0.016970 seconds .

========================================================================
Received Import Request.
  Time since last request: 1.689472 seconds.
  path: Assets/Prefabs/Wallx2,5_1 Variant.prefab
  artifactKey: Guid(fda98d42de48c504ebdee693ad1045a5) Importer(815301076,1909f56bfc062723c751e8b465ee728b)
Start importing Assets/Prefabs/Wallx2,5_1 Variant.prefab using Guid(fda98d42de48c504ebdee693ad1045a5) Importer(815301076,1909f56bfc062723c751e8b465ee728b)  -> (artifact id: '3b9582696ae4ee02d673afa40f8ff580') in 0.015755 seconds
  Import took 0.018467 seconds .

========================================================================
Received Import Request.
  Time since last request: 0.005377 seconds.
  path: Assets/Prefabs/Wallx2,5_1 Variant.prefab
  artifactKey: Guid(fda98d42de48c504ebdee693ad1045a5) Importer(815301076,1909f56bfc062723c751e8b465ee728b)
Start importing Assets/Prefabs/Wallx2,5_1 Variant.prefab using Guid(fda98d42de48c504ebdee693ad1045a5) Importer(815301076,1909f56bfc062723c751e8b465ee728b)  -> (artifact id: '3b9582696ae4ee02d673afa40f8ff580') in 0.014328 seconds
  Import took 0.016662 seconds .

========================================================================
Received Import Request.
  Time since last request: 0.697174 seconds.
  path: Assets/Prefabs/Wallx2,5_1 Variant.prefab
  artifactKey: Guid(fda98d42de48c504ebdee693ad1045a5) Importer(815301076,1909f56bfc062723c751e8b465ee728b)
Start importing Assets/Prefabs/Wallx2,5_1 Variant.prefab using Guid(fda98d42de48c504ebdee693ad1045a5) Importer(815301076,1909f56bfc062723c751e8b465ee728b)  -> (artifact id: 'ae7c78e05026f615425aac893cc5c8f0') in 0.015745 seconds
  Import took 0.017979 seconds .

========================================================================
Received Import Request.
  Time since last request: 0.004598 seconds.
  path: Assets/Prefabs/Wallx2,5_1 Variant.prefab
  artifactKey: Guid(fda98d42de48c504ebdee693ad1045a5) Importer(815301076,1909f56bfc062723c751e8b465ee728b)
Start importing Assets/Prefabs/Wallx2,5_1 Variant.prefab using Guid(fda98d42de48c504ebdee693ad1045a5) Importer(815301076,1909f56bfc062723c751e8b465ee728b)  -> (artifact id: 'ae7c78e05026f615425aac893cc5c8f0') in 0.015024 seconds
  Import took 0.017242 seconds .

========================================================================
Received Import Request.
  Time since last request: 0.282917 seconds.
  path: Assets/Prefabs/Wallx2,5_1 Variant.prefab
  artifactKey: Guid(fda98d42de48c504ebdee693ad1045a5) Importer(815301076,1909f56bfc062723c751e8b465ee728b)
Start importing Assets/Prefabs/Wallx2,5_1 Variant.prefab using Guid(fda98d42de48c504ebdee693ad1045a5) Importer(815301076,1909f56bfc062723c751e8b465ee728b)  -> (artifact id: 'e5ce6c13dc8482685243a997ec3a49c9') in 0.015844 seconds
  Import took 0.018754 seconds .

========================================================================
Received Import Request.
  Time since last request: 0.004398 seconds.
  path: Assets/Prefabs/Wallx2,5_1 Variant.prefab
  artifactKey: Guid(fda98d42de48c504ebdee693ad1045a5) Importer(815301076,1909f56bfc062723c751e8b465ee728b)
Start importing Assets/Prefabs/Wallx2,5_1 Variant.prefab using Guid(fda98d42de48c504ebdee693ad1045a5) Importer(815301076,1909f56bfc062723c751e8b465ee728b)  -> (artifact id: 'e5ce6c13dc8482685243a997ec3a49c9') in 0.014736 seconds
  Import took 0.016890 seconds .

========================================================================
Received Import Request.
  Time since last request: 0.507703 seconds.
  path: Assets/Prefabs/Wallx2,5_1 Variant.prefab
  artifactKey: Guid(fda98d42de48c504ebdee693ad1045a5) Importer(815301076,1909f56bfc062723c751e8b465ee728b)
Start importing Assets/Prefabs/Wallx2,5_1 Variant.prefab using Guid(fda98d42de48c504ebdee693ad1045a5) Importer(815301076,1909f56bfc062723c751e8b465ee728b)  -> (artifact id: 'ec3efd1b13bd88226fde1fed1d76e62d') in 0.015760 seconds
  Import took 0.018184 seconds .

========================================================================
Received Import Request.
  Time since last request: 0.004575 seconds.
  path: Assets/Prefabs/Wallx2,5_1 Variant.prefab
  artifactKey: Guid(fda98d42de48c504ebdee693ad1045a5) Importer(815301076,1909f56bfc062723c751e8b465ee728b)
Start importing Assets/Prefabs/Wallx2,5_1 Variant.prefab using Guid(fda98d42de48c504ebdee693ad1045a5) Importer(815301076,1909f56bfc062723c751e8b465ee728b)  -> (artifact id: 'ec3efd1b13bd88226fde1fed1d76e62d') in 0.014393 seconds
  Import took 0.016565 seconds .

========================================================================
Received Import Request.
  Time since last request: 0.493400 seconds.
  path: Assets/Prefabs/Wallx2,5_1 Variant.prefab
  artifactKey: Guid(fda98d42de48c504ebdee693ad1045a5) Importer(815301076,1909f56bfc062723c751e8b465ee728b)
Start importing Assets/Prefabs/Wallx2,5_1 Variant.prefab using Guid(fda98d42de48c504ebdee693ad1045a5) Importer(815301076,1909f56bfc062723c751e8b465ee728b)  -> (artifact id: 'd23dd651b6d812d9aaa8aca94d7bb0b7') in 0.015939 seconds
  Import took 0.018408 seconds .

========================================================================
Received Import Request.
  Time since last request: 0.008292 seconds.
  path: Assets/Prefabs/Wallx2,5_1 Variant.prefab
  artifactKey: Guid(fda98d42de48c504ebdee693ad1045a5) Importer(815301076,1909f56bfc062723c751e8b465ee728b)
Start importing Assets/Prefabs/Wallx2,5_1 Variant.prefab using Guid(fda98d42de48c504ebdee693ad1045a5) Importer(815301076,1909f56bfc062723c751e8b465ee728b)  -> (artifact id: 'd23dd651b6d812d9aaa8aca94d7bb0b7') in 0.014902 seconds
  Import took 0.017350 seconds .

========================================================================
Received Import Request.
  Time since last request: 3.680465 seconds.
  path: Assets/Prefabs/Wallx2,5 Variant.prefab
  artifactKey: Guid(52fe76a716f13ca4f8024cad26a8edbd) Importer(815301076,1909f56bfc062723c751e8b465ee728b)
Start importing Assets/Prefabs/Wallx2,5 Variant.prefab using Guid(52fe76a716f13ca4f8024cad26a8edbd) Importer(815301076,1909f56bfc062723c751e8b465ee728b)  -> (artifact id: '6d3bd3b6bee15f1caec4aec7e3aaa369') in 0.018782 seconds
  Import took 0.022261 seconds .

========================================================================
Received Import Request.
  Time since last request: 0.001285 seconds.
  path: Assets/Prefabs/Wallx2,5 Variant.prefab
  artifactKey: Guid(52fe76a716f13ca4f8024cad26a8edbd) Importer(815301076,1909f56bfc062723c751e8b465ee728b)
Start importing Assets/Prefabs/Wallx2,5 Variant.prefab using Guid(52fe76a716f13ca4f8024cad26a8edbd) Importer(815301076,1909f56bfc062723c751e8b465ee728b)  -> (artifact id: '6d3bd3b6bee15f1caec4aec7e3aaa369') in 0.018190 seconds
  Import took 0.020483 seconds .

========================================================================
Received Import Request.
  Time since last request: 0.268829 seconds.
  path: Assets/Prefabs/Wallx2,5 Variant.prefab
  artifactKey: Guid(52fe76a716f13ca4f8024cad26a8edbd) Importer(815301076,1909f56bfc062723c751e8b465ee728b)
Start importing Assets/Prefabs/Wallx2,5 Variant.prefab using Guid(52fe76a716f13ca4f8024cad26a8edbd) Importer(815301076,1909f56bfc062723c751e8b465ee728b)  -> (artifact id: 'de65338fdcefc6b53ff189600cf6ae79') in 0.019416 seconds
  Import took 0.022229 seconds .

========================================================================
Received Import Request.
  Time since last request: 0.001262 seconds.
  path: Assets/Prefabs/Wallx2,5 Variant.prefab
  artifactKey: Guid(52fe76a716f13ca4f8024cad26a8edbd) Importer(815301076,1909f56bfc062723c751e8b465ee728b)
Start importing Assets/Prefabs/Wallx2,5 Variant.prefab using Guid(52fe76a716f13ca4f8024cad26a8edbd) Importer(815301076,1909f56bfc062723c751e8b465ee728b)  -> (artifact id: 'de65338fdcefc6b53ff189600cf6ae79') in 0.017882 seconds
  Import took 0.020484 seconds .

========================================================================
Received Import Request.
  Time since last request: 0.890292 seconds.
  path: Assets/Prefabs/Wallx2,5 Variant.prefab
  artifactKey: Guid(52fe76a716f13ca4f8024cad26a8edbd) Importer(815301076,1909f56bfc062723c751e8b465ee728b)
Start importing Assets/Prefabs/Wallx2,5 Variant.prefab using Guid(52fe76a716f13ca4f8024cad26a8edbd) Importer(815301076,1909f56bfc062723c751e8b465ee728b)  -> (artifact id: 'f5278ea69155d9a5932c5e74964b28c9') in 0.021230 seconds
  Import took 0.023483 seconds .

========================================================================
Received Import Request.
  Time since last request: 0.000579 seconds.
  path: Assets/Prefabs/Wallx2,5 Variant.prefab
  artifactKey: Guid(52fe76a716f13ca4f8024cad26a8edbd) Importer(815301076,1909f56bfc062723c751e8b465ee728b)
Start importing Assets/Prefabs/Wallx2,5 Variant.prefab using Guid(52fe76a716f13ca4f8024cad26a8edbd) Importer(815301076,1909f56bfc062723c751e8b465ee728b)  -> (artifact id: 'f5278ea69155d9a5932c5e74964b28c9') in 0.018122 seconds
  Import took 0.020299 seconds .

========================================================================
Received Import Request.
  Time since last request: 0.306140 seconds.
  path: Assets/Prefabs/Wallx2,5 Variant.prefab
  artifactKey: Guid(52fe76a716f13ca4f8024cad26a8edbd) Importer(815301076,1909f56bfc062723c751e8b465ee728b)
Start importing Assets/Prefabs/Wallx2,5 Variant.prefab using Guid(52fe76a716f13ca4f8024cad26a8edbd) Importer(815301076,1909f56bfc062723c751e8b465ee728b)  -> (artifact id: 'a281ff049a1cad1b10e5a74fd17d0f2f') in 0.018977 seconds
  Import took 0.022067 seconds .

========================================================================
Received Import Request.
  Time since last request: 0.001632 seconds.
  path: Assets/Prefabs/Wallx2,5 Variant.prefab
  artifactKey: Guid(52fe76a716f13ca4f8024cad26a8edbd) Importer(815301076,1909f56bfc062723c751e8b465ee728b)
Start importing Assets/Prefabs/Wallx2,5 Variant.prefab using Guid(52fe76a716f13ca4f8024cad26a8edbd) Importer(815301076,1909f56bfc062723c751e8b465ee728b)  -> (artifact id: 'a281ff049a1cad1b10e5a74fd17d0f2f') in 0.017251 seconds
  Import took 0.019880 seconds .

========================================================================
Received Import Request.
  Time since last request: 0.694925 seconds.
  path: Assets/Prefabs/Wallx2,5 Variant.prefab
  artifactKey: Guid(52fe76a716f13ca4f8024cad26a8edbd) Importer(815301076,1909f56bfc062723c751e8b465ee728b)
Start importing Assets/Prefabs/Wallx2,5 Variant.prefab using Guid(52fe76a716f13ca4f8024cad26a8edbd) Importer(815301076,1909f56bfc062723c751e8b465ee728b)  -> (artifact id: '7c9beed6f13e5250c4f8686ae804a8b2') in 0.019920 seconds
  Import took 0.023388 seconds .

========================================================================
Received Import Request.
  Time since last request: 0.002643 seconds.
  path: Assets/Prefabs/Wallx2,5 Variant.prefab
  artifactKey: Guid(52fe76a716f13ca4f8024cad26a8edbd) Importer(815301076,1909f56bfc062723c751e8b465ee728b)
Start importing Assets/Prefabs/Wallx2,5 Variant.prefab using Guid(52fe76a716f13ca4f8024cad26a8edbd) Importer(815301076,1909f56bfc062723c751e8b465ee728b)  -> (artifact id: '7c9beed6f13e5250c4f8686ae804a8b2') in 0.028336 seconds
  Import took 0.032159 seconds .

========================================================================
Received Import Request.
  Time since last request: 0.470670 seconds.
  path: Assets/Prefabs/Wallx2,5 Variant.prefab
  artifactKey: Guid(52fe76a716f13ca4f8024cad26a8edbd) Importer(815301076,1909f56bfc062723c751e8b465ee728b)
Start importing Assets/Prefabs/Wallx2,5 Variant.prefab using Guid(52fe76a716f13ca4f8024cad26a8edbd) Importer(815301076,1909f56bfc062723c751e8b465ee728b)  -> (artifact id: 'bb86faa910850750899c8b0fe55b9757') in 0.028526 seconds
  Import took 0.032021 seconds .

========================================================================
Received Prepare
Registering precompiled user dll's ...
Registered in 0.000715 seconds.
Begin MonoManager ReloadAssembly
Native extension for WindowsStandalone target not found
Refreshing native plugins compatible for Editor in 0.23 ms, found 0 plugins.
Preloading 0 native plugins for Editor in 0.00 ms.
Invoked RoslynAnalysisRunner static constructor.
RoslynAnalysisRunner will not be running.
RoslynAnalysisRunner has terminated.
Mono: successfully reloaded assembly
- Completed reload, in  0.821 seconds
Platform modules already initialized, skipping
Refreshing native plugins compatible for Editor in 0.23 ms, found 0 plugins.
Preloading 0 native plugins for Editor in 0.00 ms.
Unloading 1122 Unused Serialized files (Serialized files now loaded: 0)
System memory in use before: 61.2 MB.
System memory in use after: 61.3 MB.

Unloading 5 unused Assets to reduce memory usage. Loaded Objects now: 1591.
Total: 2.319700 ms (FindLiveObjects: 0.157900 ms CreateObjectMapping: 0.026900 ms MarkObjects: 1.824400 ms  DeleteObjects: 0.053300 ms)

========================================================================
Received Import Request.
  Time since last request: 88.999805 seconds.
  path: Assets/Prefabs/Wallx2,5 Variant.prefab
  artifactKey: Guid(52fe76a716f13ca4f8024cad26a8edbd) Importer(815301076,1909f56bfc062723c751e8b465ee728b)
Start importing Assets/Prefabs/Wallx2,5 Variant.prefab using Guid(52fe76a716f13ca4f8024cad26a8edbd) Importer(815301076,1909f56bfc062723c751e8b465ee728b)  -> (artifact id: '7936f1c62e1503bd395752dbae400c96') in 0.065221 seconds
  Import took 0.068180 seconds .

========================================================================
Received Import Request.
  Time since last request: 1.143559 seconds.
  path: Assets/Prefabs/Wallx2,5_1 Variant.prefab
  artifactKey: Guid(fda98d42de48c504ebdee693ad1045a5) Importer(815301076,1909f56bfc062723c751e8b465ee728b)
Start importing Assets/Prefabs/Wallx2,5_1 Variant.prefab using Guid(fda98d42de48c504ebdee693ad1045a5) Importer(815301076,1909f56bfc062723c751e8b465ee728b)  -> (artifact id: '6a93aa8f2ee2cf1e19e74e8fa876cd4b') in 0.020811 seconds
  Import took 0.023065 seconds .

========================================================================
Received Import Request.
  Time since last request: 0.001352 seconds.
  path: Assets/Prefabs/Wallx2,5_1 Variant.prefab
  artifactKey: Guid(fda98d42de48c504ebdee693ad1045a5) Importer(815301076,1909f56bfc062723c751e8b465ee728b)
Start importing Assets/Prefabs/Wallx2,5_1 Variant.prefab using Guid(fda98d42de48c504ebdee693ad1045a5) Importer(815301076,1909f56bfc062723c751e8b465ee728b)  -> (artifact id: '6a93aa8f2ee2cf1e19e74e8fa876cd4b') in 0.014605 seconds
  Import took 0.016759 seconds .

========================================================================
Received Import Request.
  Time since last request: 1.984156 seconds.
  path: Assets/Prefabs/Wallx2,5_1 Variant.prefab
  artifactKey: Guid(fda98d42de48c504ebdee693ad1045a5) Importer(815301076,1909f56bfc062723c751e8b465ee728b)
Start importing Assets/Prefabs/Wallx2,5_1 Variant.prefab using Guid(fda98d42de48c504ebdee693ad1045a5) Importer(815301076,1909f56bfc062723c751e8b465ee728b)  -> (artifact id: 'cc90c4d808f252fe527add9ed36f5400') in 0.020579 seconds
  Import took 0.022740 seconds .

========================================================================
Received Import Request.
  Time since last request: 0.000213 seconds.
  path: Assets/Prefabs/Wallx5.prefab
  artifactKey: Guid(3dc8dd8d90696e040a75ccfb61f5b74d) Importer(815301076,1909f56bfc062723c751e8b465ee728b)
Start importing Assets/Prefabs/Wallx5.prefab using Guid(3dc8dd8d90696e040a75ccfb61f5b74d) Importer(815301076,1909f56bfc062723c751e8b465ee728b)  -> (artifact id: '9aadfe8c45f530b2db33583b07408dda') in 0.014122 seconds
  Import took 0.016216 seconds .

========================================================================
Received Import Request.
  Time since last request: 4.791925 seconds.
  path: Assets/Prefabs/Wallx2,5 Variant.prefab
  artifactKey: Guid(52fe76a716f13ca4f8024cad26a8edbd) Importer(815301076,1909f56bfc062723c751e8b465ee728b)
Start importing Assets/Prefabs/Wallx2,5 Variant.prefab using Guid(52fe76a716f13ca4f8024cad26a8edbd) Importer(815301076,1909f56bfc062723c751e8b465ee728b)  -> (artifact id: '38a5a11daf82d0243be8cd303fec3147') in 0.020823 seconds
  Import took 0.024104 seconds .

========================================================================
Received Import Request.
  Time since last request: 0.000182 seconds.
  path: Assets/Prefabs/Wallx10.prefab
  artifactKey: Guid(380f5e3654c91214aa8ff381f4df8b74) Importer(815301076,1909f56bfc062723c751e8b465ee728b)
Start importing Assets/Prefabs/Wallx10.prefab using Guid(380f5e3654c91214aa8ff381f4df8b74) Importer(815301076,1909f56bfc062723c751e8b465ee728b)  -> (artifact id: '629ec3a9ba2d39cff028eb6cc1213304') in 0.015608 seconds
  Import took 0.018175 seconds .

========================================================================
Received Prepare
Registering precompiled user dll's ...
Registered in 0.000957 seconds.
Begin MonoManager ReloadAssembly
Native extension for WindowsStandalone target not found
Refreshing native plugins compatible for Editor in 0.25 ms, found 0 plugins.
Preloading 0 native plugins for Editor in 0.00 ms.
Invoked RoslynAnalysisRunner static constructor.
RoslynAnalysisRunner will not be running.
RoslynAnalysisRunner has terminated.
Mono: successfully reloaded assembly
- Completed reload, in  0.810 seconds
Platform modules already initialized, skipping
Refreshing native plugins compatible for Editor in 0.23 ms, found 0 plugins.
Preloading 0 native plugins for Editor in 0.00 ms.
Unloading 1122 Unused Serialized files (Serialized files now loaded: 0)
System memory in use before: 61.2 MB.
System memory in use after: 61.3 MB.

Unloading 5 unused Assets to reduce memory usage. Loaded Objects now: 1595.
Total: 2.161600 ms (FindLiveObjects: 0.156200 ms CreateObjectMapping: 0.027300 ms MarkObjects: 1.907500 ms  DeleteObjects: 0.069200 ms)

========================================================================
Received Prepare
Registering precompiled user dll's ...
Registered in 0.001031 seconds.
Begin MonoManager ReloadAssembly
Native extension for WindowsStandalone target not found
Refreshing native plugins compatible for Editor in 0.26 ms, found 0 plugins.
Preloading 0 native plugins for Editor in 0.00 ms.
Invoked RoslynAnalysisRunner static constructor.
RoslynAnalysisRunner will not be running.
RoslynAnalysisRunner has terminated.
Mono: successfully reloaded assembly
- Completed reload, in  0.799 seconds
Platform modules already initialized, skipping
Refreshing native plugins compatible for Editor in 0.23 ms, found 0 plugins.
Preloading 0 native plugins for Editor in 0.00 ms.
Unloading 1122 Unused Serialized files (Serialized files now loaded: 0)
System memory in use before: 61.2 MB.
System memory in use after: 61.3 MB.

Unloading 5 unused Assets to reduce memory usage. Loaded Objects now: 1598.
Total: 2.984400 ms (FindLiveObjects: 0.281100 ms CreateObjectMapping: 0.070800 ms MarkObjects: 2.569400 ms  DeleteObjects: 0.061300 ms)

========================================================================
Received Prepare
Registering precompiled user dll's ...
Registered in 0.000840 seconds.
Begin MonoManager ReloadAssembly
Native extension for WindowsStandalone target not found
Refreshing native plugins compatible for Editor in 0.25 ms, found 0 plugins.
Preloading 0 native plugins for Editor in 0.00 ms.
Invoked RoslynAnalysisRunner static constructor.
RoslynAnalysisRunner will not be running.
RoslynAnalysisRunner has terminated.
Mono: successfully reloaded assembly
- Completed reload, in  0.803 seconds
Platform modules already initialized, skipping
Refreshing native plugins compatible for Editor in 0.23 ms, found 0 plugins.
Preloading 0 native plugins for Editor in 0.00 ms.
Unloading 1122 Unused Serialized files (Serialized files now loaded: 0)
System memory in use before: 61.2 MB.
System memory in use after: 61.3 MB.

Unloading 5 unused Assets to reduce memory usage. Loaded Objects now: 1601.
Total: 2.071700 ms (FindLiveObjects: 0.159900 ms CreateObjectMapping: 0.029400 ms MarkObjects: 1.821000 ms  DeleteObjects: 0.059500 ms)

========================================================================
Received Prepare
Registering precompiled user dll's ...
Registered in 0.000946 seconds.
Begin MonoManager ReloadAssembly
Native extension for WindowsStandalone target not found
Refreshing native plugins compatible for Editor in 0.34 ms, found 0 plugins.
Preloading 0 native plugins for Editor in 0.00 ms.
Invoked RoslynAnalysisRunner static constructor.
RoslynAnalysisRunner will not be running.
RoslynAnalysisRunner has terminated.
Mono: successfully reloaded assembly
- Completed reload, in  1.547 seconds
Platform modules already initialized, skipping
Refreshing native plugins compatible for Editor in 0.29 ms, found 0 plugins.
Preloading 0 native plugins for Editor in 0.00 ms.
Unloading 1122 Unused Serialized files (Serialized files now loaded: 0)
System memory in use before: 61.2 MB.
System memory in use after: 61.3 MB.

Unloading 5 unused Assets to reduce memory usage. Loaded Objects now: 1604.
Total: 3.542200 ms (FindLiveObjects: 0.264800 ms CreateObjectMapping: 0.066800 ms MarkObjects: 3.106300 ms  DeleteObjects: 0.102200 ms)

========================================================================
Received Prepare
Registering precompiled user dll's ...
Registered in 0.000904 seconds.
Begin MonoManager ReloadAssembly
Native extension for WindowsStandalone target not found
Refreshing native plugins compatible for Editor in 0.30 ms, found 0 plugins.
Preloading 0 native plugins for Editor in 0.00 ms.
Invoked RoslynAnalysisRunner static constructor.
RoslynAnalysisRunner will not be running.
RoslynAnalysisRunner has terminated.
Mono: successfully reloaded assembly
- Completed reload, in  1.254 seconds
Platform modules already initialized, skipping
Refreshing native plugins compatible for Editor in 0.30 ms, found 0 plugins.
Preloading 0 native plugins for Editor in 0.00 ms.
Unloading 1122 Unused Serialized files (Serialized files now loaded: 0)
System memory in use before: 61.2 MB.
System memory in use after: 61.3 MB.

Unloading 5 unused Assets to reduce memory usage. Loaded Objects now: 1607.
Total: 2.389100 ms (FindLiveObjects: 0.187900 ms CreateObjectMapping: 0.042100 ms MarkObjects: 2.060700 ms  DeleteObjects: 0.096700 ms)

========================================================================
Received Prepare
Registering precompiled user dll's ...
Registered in 0.000930 seconds.
Begin MonoManager ReloadAssembly
Native extension for WindowsStandalone target not found
Refreshing native plugins compatible for Editor in 0.35 ms, found 0 plugins.
Preloading 0 native plugins for Editor in 0.00 ms.
Invoked RoslynAnalysisRunner static constructor.
RoslynAnalysisRunner will not be running.
RoslynAnalysisRunner has terminated.
Mono: successfully reloaded assembly
- Completed reload, in  1.287 seconds
Platform modules already initialized, skipping
Refreshing native plugins compatible for Editor in 0.39 ms, found 0 plugins.
Preloading 0 native plugins for Editor in 0.00 ms.
Unloading 1122 Unused Serialized files (Serialized files now loaded: 0)
System memory in use before: 61.2 MB.
System memory in use after: 61.3 MB.

Unloading 5 unused Assets to reduce memory usage. Loaded Objects now: 1610.
Total: 2.451800 ms (FindLiveObjects: 0.232400 ms CreateObjectMapping: 0.067000 ms MarkObjects: 2.073700 ms  DeleteObjects: 0.076500 ms)

========================================================================
Received Import Request.
  Time since last request: 9315.580425 seconds.
  path: Assets/Prefabs/Key.prefab
  artifactKey: Guid(e9d48d2fc95ca19409b0cc04d42c7dd5) Importer(815301076,1909f56bfc062723c751e8b465ee728b)
Start importing Assets/Prefabs/Key.prefab using Guid(e9d48d2fc95ca19409b0cc04d42c7dd5) Importer(815301076,1909f56bfc062723c751e8b465ee728b)  -> (artifact id: '3775e6594c85160639b90d2376705669') in 0.122900 seconds
  Import took 0.126500 seconds .

========================================================================
Received Import Request.
  Time since last request: 0.183086 seconds.
  path: Assets/Prefabs/Door2 Variant.prefab
  artifactKey: Guid(76eb59d093897c5448042f2755b382cb) Importer(815301076,1909f56bfc062723c751e8b465ee728b)
Start importing Assets/Prefabs/Door2 Variant.prefab using Guid(76eb59d093897c5448042f2755b382cb) Importer(815301076,1909f56bfc062723c751e8b465ee728b)  -> (artifact id: '63ae3fbb2923149b42453a568af50f1d') in 0.023632 seconds
  Import took 0.026606 seconds .

========================================================================
Received Import Request.
  Time since last request: 0.005404 seconds.
  path: Assets/Prefabs/Door2 Variant.prefab
  artifactKey: Guid(76eb59d093897c5448042f2755b382cb) Importer(815301076,1909f56bfc062723c751e8b465ee728b)
Start importing Assets/Prefabs/Door2 Variant.prefab using Guid(76eb59d093897c5448042f2755b382cb) Importer(815301076,1909f56bfc062723c751e8b465ee728b)  -> (artifact id: '63ae3fbb2923149b42453a568af50f1d') in 0.015350 seconds
  Import took 0.018716 seconds .

========================================================================
Received Prepare
Registering precompiled user dll's ...
Registered in 0.000909 seconds.
Begin MonoManager ReloadAssembly
Native extension for WindowsStandalone target not found
Refreshing native plugins compatible for Editor in 0.31 ms, found 0 plugins.
Preloading 0 native plugins for Editor in 0.00 ms.
Invoked RoslynAnalysisRunner static constructor.
RoslynAnalysisRunner will not be running.
RoslynAnalysisRunner has terminated.
Mono: successfully reloaded assembly
- Completed reload, in  1.379 seconds
Platform modules already initialized, skipping
Refreshing native plugins compatible for Editor in 0.31 ms, found 0 plugins.
Preloading 0 native plugins for Editor in 0.00 ms.
Unloading 1122 Unused Serialized files (Serialized files now loaded: 0)
System memory in use before: 61.3 MB.
System memory in use after: 61.3 MB.

Unloading 5 unused Assets to reduce memory usage. Loaded Objects now: 1614.
Total: 3.361400 ms (FindLiveObjects: 0.260500 ms CreateObjectMapping: 0.066700 ms MarkObjects: 2.953400 ms  DeleteObjects: 0.079200 ms)

========================================================================
Received Import Request.
  Time since last request: 177.775751 seconds.
  path: Assets/Prefabs/Player.prefab
  artifactKey: Guid(35175c873ce3f7a488be5472eb9f4018) Importer(815301076,1909f56bfc062723c751e8b465ee728b)
Start importing Assets/Prefabs/Player.prefab using Guid(35175c873ce3f7a488be5472eb9f4018) Importer(815301076,1909f56bfc062723c751e8b465ee728b)  -> (artifact id: '233415e121a098422d246f8e7aef52b7') in 0.140753 seconds
  Import took 0.144823 seconds .

========================================================================
Received Prepare
Registering precompiled user dll's ...
Registered in 0.000996 seconds.
Begin MonoManager ReloadAssembly
Native extension for WindowsStandalone target not found
Refreshing native plugins compatible for Editor in 0.40 ms, found 0 plugins.
Preloading 0 native plugins for Editor in 0.00 ms.
Invoked RoslynAnalysisRunner static constructor.
RoslynAnalysisRunner will not be running.
RoslynAnalysisRunner has terminated.
Mono: successfully reloaded assembly
- Completed reload, in  1.303 seconds
Platform modules already initialized, skipping
Refreshing native plugins compatible for Editor in 0.38 ms, found 0 plugins.
Preloading 0 native plugins for Editor in 0.00 ms.
Unloading 1122 Unused Serialized files (Serialized files now loaded: 0)
System memory in use before: 61.3 MB.
System memory in use after: 61.4 MB.

Unloading 6 unused Assets to reduce memory usage. Loaded Objects now: 1618.
Total: 3.274500 ms (FindLiveObjects: 0.231300 ms CreateObjectMapping: 0.066700 ms MarkObjects: 2.869300 ms  DeleteObjects: 0.105300 ms)

========================================================================
Received Import Request.
  Time since last request: 406.162755 seconds.
  path: Assets/Prefabs/Wallx10.prefab
  artifactKey: Guid(380f5e3654c91214aa8ff381f4df8b74) Importer(815301076,1909f56bfc062723c751e8b465ee728b)
Start importing Assets/Prefabs/Wallx10.prefab using Guid(380f5e3654c91214aa8ff381f4df8b74) Importer(815301076,1909f56bfc062723c751e8b465ee728b)  -> (artifact id: '6da7868773314fb476147a4495e3373a') in 0.129533 seconds
  Import took 0.132834 seconds .

========================================================================
Received Import Request.
  Time since last request: 0.000382 seconds.
  path: Assets/Prefabs/Wallx2,5 Variant.prefab
  artifactKey: Guid(52fe76a716f13ca4f8024cad26a8edbd) Importer(815301076,1909f56bfc062723c751e8b465ee728b)
Start importing Assets/Prefabs/Wallx2,5 Variant.prefab using Guid(52fe76a716f13ca4f8024cad26a8edbd) Importer(815301076,1909f56bfc062723c751e8b465ee728b)  -> (artifact id: 'ea8e38d0041ac02b2e25ceb3e5bf9393') in 0.036072 seconds
  Import took 0.040126 seconds .

========================================================================
Received Import Request.
  Time since last request: 6.126137 seconds.
  path: Assets/Prefabs/Wallx2,5 Variant.prefab
  artifactKey: Guid(52fe76a716f13ca4f8024cad26a8edbd) Importer(815301076,1909f56bfc062723c751e8b465ee728b)
Start importing Assets/Prefabs/Wallx2,5 Variant.prefab using Guid(52fe76a716f13ca4f8024cad26a8edbd) Importer(815301076,1909f56bfc062723c751e8b465ee728b)  -> (artifact id: 'c802701254a2658020cacffc60e9650f') in 0.025233 seconds
  Import took 0.028975 seconds .

========================================================================
Received Import Request.
  Time since last request: 0.000346 seconds.
  path: Assets/Prefabs/Wallx10.prefab
  artifactKey: Guid(380f5e3654c91214aa8ff381f4df8b74) Importer(815301076,1909f56bfc062723c751e8b465ee728b)
Start importing Assets/Prefabs/Wallx10.prefab using Guid(380f5e3654c91214aa8ff381f4df8b74) Importer(815301076,1909f56bfc062723c751e8b465ee728b)  -> (artifact id: '8fbcf5c1cbf6985479321ab2fcece791') in 0.016150 seconds
  Import took 0.019094 seconds .

========================================================================
Received Import Request.
  Time since last request: 2.807200 seconds.
  path: Assets/Prefabs/Wallx2,5_1 Variant.prefab
  artifactKey: Guid(fda98d42de48c504ebdee693ad1045a5) Importer(815301076,1909f56bfc062723c751e8b465ee728b)
Start importing Assets/Prefabs/Wallx2,5_1 Variant.prefab using Guid(fda98d42de48c504ebdee693ad1045a5) Importer(815301076,1909f56bfc062723c751e8b465ee728b)  -> (artifact id: '562730f26957fd2d699fe718b5cfde2d') in 0.032308 seconds
  Import took 0.037427 seconds .

========================================================================
Received Import Request.
  Time since last request: 0.000375 seconds.
  path: Assets/Prefabs/Wallx5.prefab
  artifactKey: Guid(3dc8dd8d90696e040a75ccfb61f5b74d) Importer(815301076,1909f56bfc062723c751e8b465ee728b)
Start importing Assets/Prefabs/Wallx5.prefab using Guid(3dc8dd8d90696e040a75ccfb61f5b74d) Importer(815301076,1909f56bfc062723c751e8b465ee728b)  -> (artifact id: 'a53438070e6b4f7713c1dff7c954d9c8') in 0.031462 seconds
  Import took 0.036268 seconds .

========================================================================
Received Import Request.
  Time since last request: 4.974799 seconds.
  path: Assets/Prefabs/Wallx2,5_1 Variant.prefab
  artifactKey: Guid(fda98d42de48c504ebdee693ad1045a5) Importer(815301076,1909f56bfc062723c751e8b465ee728b)
Start importing Assets/Prefabs/Wallx2,5_1 Variant.prefab using Guid(fda98d42de48c504ebdee693ad1045a5) Importer(815301076,1909f56bfc062723c751e8b465ee728b)  -> (artifact id: 'e5f341469572ed87eef65b3d93bb5ba3') in 0.024754 seconds
  Import took 0.028682 seconds .

========================================================================
Received Import Request.
  Time since last request: 0.000427 seconds.
  path: Assets/Prefabs/Wallx5.prefab
  artifactKey: Guid(3dc8dd8d90696e040a75ccfb61f5b74d) Importer(815301076,1909f56bfc062723c751e8b465ee728b)
Start importing Assets/Prefabs/Wallx5.prefab using Guid(3dc8dd8d90696e040a75ccfb61f5b74d) Importer(815301076,1909f56bfc062723c751e8b465ee728b)  -> (artifact id: '615803be16e116013b718ef3d6d79dad') in 0.017639 seconds
  Import took 0.021013 seconds .

========================================================================
Received Import Request.
  Time since last request: 0.000276 seconds.
  path: Assets/Prefabs/Wallx2,5_1 Variant.prefab
  artifactKey: Guid(fda98d42de48c504ebdee693ad1045a5) Importer(815301076,1909f56bfc062723c751e8b465ee728b)
Start importing Assets/Prefabs/Wallx2,5_1 Variant.prefab using Guid(fda98d42de48c504ebdee693ad1045a5) Importer(815301076,1909f56bfc062723c751e8b465ee728b)  -> (artifact id: 'e5f341469572ed87eef65b3d93bb5ba3') in 0.018332 seconds
  Import took 0.021736 seconds .

========================================================================
Received Import Request.
  Time since last request: 2.089222 seconds.
  path: Assets/Prefabs/Wallx2,5_1 Variant.prefab
  artifactKey: Guid(fda98d42de48c504ebdee693ad1045a5) Importer(815301076,1909f56bfc062723c751e8b465ee728b)
Start importing Assets/Prefabs/Wallx2,5_1 Variant.prefab using Guid(fda98d42de48c504ebdee693ad1045a5) Importer(815301076,1909f56bfc062723c751e8b465ee728b)  -> (artifact id: 'e747bade6a8c4953248e0b014da82bc8') in 0.026338 seconds
  Import took 0.030773 seconds .

========================================================================
Received Import Request.
  Time since last request: 0.004874 seconds.
  path: Assets/Prefabs/Wallx2,5_1 Variant.prefab
  artifactKey: Guid(fda98d42de48c504ebdee693ad1045a5) Importer(815301076,1909f56bfc062723c751e8b465ee728b)
Start importing Assets/Prefabs/Wallx2,5_1 Variant.prefab using Guid(fda98d42de48c504ebdee693ad1045a5) Importer(815301076,1909f56bfc062723c751e8b465ee728b)  -> (artifact id: 'e747bade6a8c4953248e0b014da82bc8') in 0.023146 seconds
  Import took 0.027905 seconds .

========================================================================
Received Import Request.
  Time since last request: 5.793900 seconds.
  path: Assets/Prefabs/Wallx2,5_1 Variant.prefab
  artifactKey: Guid(fda98d42de48c504ebdee693ad1045a5) Importer(815301076,1909f56bfc062723c751e8b465ee728b)
Start importing Assets/Prefabs/Wallx2,5_1 Variant.prefab using Guid(fda98d42de48c504ebdee693ad1045a5) Importer(815301076,1909f56bfc062723c751e8b465ee728b)  -> (artifact id: '8dd73234d1e24080fed90be12a27bb60') in 0.020834 seconds
  Import took 0.024464 seconds .

========================================================================
Received Import Request.
  Time since last request: 3.856045 seconds.
  path: Assets/Prefabs/Wallx2,5 Variant.prefab
  artifactKey: Guid(52fe76a716f13ca4f8024cad26a8edbd) Importer(815301076,1909f56bfc062723c751e8b465ee728b)
Start importing Assets/Prefabs/Wallx2,5 Variant.prefab using Guid(52fe76a716f13ca4f8024cad26a8edbd) Importer(815301076,1909f56bfc062723c751e8b465ee728b)  -> (artifact id: '540b77b86d67091b1b7091febb347a22') in 0.026896 seconds
  Import took 0.031083 seconds .

========================================================================
Received Import Request.
  Time since last request: 0.001864 seconds.
  path: Assets/Prefabs/Wallx2,5 Variant.prefab
  artifactKey: Guid(52fe76a716f13ca4f8024cad26a8edbd) Importer(815301076,1909f56bfc062723c751e8b465ee728b)
Start importing Assets/Prefabs/Wallx2,5 Variant.prefab using Guid(52fe76a716f13ca4f8024cad26a8edbd) Importer(815301076,1909f56bfc062723c751e8b465ee728b)  -> (artifact id: '540b77b86d67091b1b7091febb347a22') in 0.023671 seconds
  Import took 0.026604 seconds .

========================================================================
Received Prepare
Registering precompiled user dll's ...
Registered in 0.001363 seconds.
Begin MonoManager ReloadAssembly
Native extension for WindowsStandalone target not found
Refreshing native plugins compatible for Editor in 0.30 ms, found 0 plugins.
Preloading 0 native plugins for Editor in 0.00 ms.
Invoked RoslynAnalysisRunner static constructor.
RoslynAnalysisRunner will not be running.
RoslynAnalysisRunner has terminated.
Mono: successfully reloaded assembly
- Completed reload, in  1.344 seconds
Platform modules already initialized, skipping
Refreshing native plugins compatible for Editor in 0.38 ms, found 0 plugins.
Preloading 0 native plugins for Editor in 0.00 ms.
Unloading 1122 Unused Serialized files (Serialized files now loaded: 0)
System memory in use before: 61.3 MB.
System memory in use after: 61.4 MB.

Unloading 5 unused Assets to reduce memory usage. Loaded Objects now: 1622.
Total: 3.334400 ms (FindLiveObjects: 0.416000 ms CreateObjectMapping: 0.092500 ms MarkObjects: 2.720700 ms  DeleteObjects: 0.102300 ms)

========================================================================
Received Import Request.
  Time since last request: 13.482891 seconds.
  path: Assets/Prefabs/Wallx2,5 Variant.prefab
  artifactKey: Guid(52fe76a716f13ca4f8024cad26a8edbd) Importer(815301076,1909f56bfc062723c751e8b465ee728b)
Start importing Assets/Prefabs/Wallx2,5 Variant.prefab using Guid(52fe76a716f13ca4f8024cad26a8edbd) Importer(815301076,1909f56bfc062723c751e8b465ee728b)  -> (artifact id: '36513ccf2bee0087d234cc9768f87383') in 0.124926 seconds
  Import took 0.128914 seconds .

========================================================================
Received Import Request.
  Time since last request: 0.020537 seconds.
  path: Assets/Prefabs/Wallx2,5 Variant.prefab
  artifactKey: Guid(52fe76a716f13ca4f8024cad26a8edbd) Importer(815301076,1909f56bfc062723c751e8b465ee728b)
Start importing Assets/Prefabs/Wallx2,5 Variant.prefab using Guid(52fe76a716f13ca4f8024cad26a8edbd) Importer(815301076,1909f56bfc062723c751e8b465ee728b)  -> (artifact id: '36513ccf2bee0087d234cc9768f87383') in 0.023864 seconds
  Import took 0.027590 seconds .

========================================================================
Received Import Request.
  Time since last request: 225.440576 seconds.
  path: Assets/Prefabs/Door2 Variant.prefab
  artifactKey: Guid(76eb59d093897c5448042f2755b382cb) Importer(815301076,1909f56bfc062723c751e8b465ee728b)
Start importing Assets/Prefabs/Door2 Variant.prefab using Guid(76eb59d093897c5448042f2755b382cb) Importer(815301076,1909f56bfc062723c751e8b465ee728b)  -> (artifact id: 'd46de0ec8fa2c01292684427c568578c') in 0.028453 seconds
  Import took 0.035770 seconds .

========================================================================
Received Import Request.
  Time since last request: 0.007791 seconds.
  path: Assets/Prefabs/Door2 Variant.prefab
  artifactKey: Guid(76eb59d093897c5448042f2755b382cb) Importer(815301076,1909f56bfc062723c751e8b465ee728b)
Start importing Assets/Prefabs/Door2 Variant.prefab using Guid(76eb59d093897c5448042f2755b382cb) Importer(815301076,1909f56bfc062723c751e8b465ee728b)  -> (artifact id: 'd46de0ec8fa2c01292684427c568578c') in 0.019654 seconds
  Import took 0.024625 seconds .

========================================================================
Received Prepare
Registering precompiled user dll's ...
Registered in 0.001209 seconds.
Begin MonoManager ReloadAssembly
Native extension for WindowsStandalone target not found
Refreshing native plugins compatible for Editor in 0.40 ms, found 0 plugins.
Preloading 0 native plugins for Editor in 0.00 ms.
Invoked RoslynAnalysisRunner static constructor.
RoslynAnalysisRunner will not be running.
RoslynAnalysisRunner has terminated.
Mono: successfully reloaded assembly
- Completed reload, in  1.356 seconds
Platform modules already initialized, skipping
Refreshing native plugins compatible for Editor in 0.29 ms, found 0 plugins.
Preloading 0 native plugins for Editor in 0.00 ms.
Unloading 1122 Unused Serialized files (Serialized files now loaded: 0)
System memory in use before: 61.4 MB.
System memory in use after: 61.4 MB.

Unloading 5 unused Assets to reduce memory usage. Loaded Objects now: 1626.
Total: 3.302200 ms (FindLiveObjects: 0.249300 ms CreateObjectMapping: 0.067300 ms MarkObjects: 2.909800 ms  DeleteObjects: 0.073300 ms)

========================================================================
Received Import Request.
  Time since last request: 10.838528 seconds.
  path: Assets/Prefabs/Builett.prefab
  artifactKey: Guid(d5d4c264a86ba8f459eed0efcee2245a) Importer(815301076,1909f56bfc062723c751e8b465ee728b)
Start importing Assets/Prefabs/Builett.prefab using Guid(d5d4c264a86ba8f459eed0efcee2245a) Importer(815301076,1909f56bfc062723c751e8b465ee728b)  -> (artifact id: '2de4586f3bd1c4dd014e8b5104ad74be') in 0.093884 seconds
  Import took 0.097402 seconds .

========================================================================
Received Import Request.
  Time since last request: 2.967590 seconds.
  path: Assets/Prefabs/Builett.prefab
  artifactKey: Guid(d5d4c264a86ba8f459eed0efcee2245a) Importer(815301076,1909f56bfc062723c751e8b465ee728b)
Start importing Assets/Prefabs/Builett.prefab using Guid(d5d4c264a86ba8f459eed0efcee2245a) Importer(815301076,1909f56bfc062723c751e8b465ee728b)  -> (artifact id: '2de4586f3bd1c4dd014e8b5104ad74be') in 0.015327 seconds
  Import took 0.020298 seconds .

========================================================================
Received Prepare
Registering precompiled user dll's ...
Registered in 0.000899 seconds.
Begin MonoManager ReloadAssembly
Native extension for WindowsStandalone target not found
Refreshing native plugins compatible for Editor in 0.32 ms, found 0 plugins.
Preloading 0 native plugins for Editor in 0.00 ms.
Invoked RoslynAnalysisRunner static constructor.
RoslynAnalysisRunner will not be running.
RoslynAnalysisRunner has terminated.
Mono: successfully reloaded assembly
- Completed reload, in  1.271 seconds
Platform modules already initialized, skipping
Refreshing native plugins compatible for Editor in 0.29 ms, found 0 plugins.
Preloading 0 native plugins for Editor in 0.00 ms.
Unloading 1122 Unused Serialized files (Serialized files now loaded: 0)
System memory in use before: 61.4 MB.
System memory in use after: 61.5 MB.

Unloading 5 unused Assets to reduce memory usage. Loaded Objects now: 1630.
Total: 2.938900 ms (FindLiveObjects: 0.236500 ms CreateObjectMapping: 0.065600 ms MarkObjects: 2.563700 ms  DeleteObjects: 0.071200 ms)

========================================================================
Received Prepare
Registering precompiled user dll's ...
Registered in 0.000938 seconds.
Begin MonoManager ReloadAssembly
Native extension for WindowsStandalone target not found
Refreshing native plugins compatible for Editor in 0.30 ms, found 0 plugins.
Preloading 0 native plugins for Editor in 0.00 ms.
Invoked RoslynAnalysisRunner static constructor.
RoslynAnalysisRunner will not be running.
RoslynAnalysisRunner has terminated.
Mono: successfully reloaded assembly
- Completed reload, in  1.257 seconds
Platform modules already initialized, skipping
Refreshing native plugins compatible for Editor in 0.30 ms, found 0 plugins.
Preloading 0 native plugins for Editor in 0.00 ms.
Unloading 1122 Unused Serialized files (Serialized files now loaded: 0)
System memory in use before: 61.4 MB.
System memory in use after: 61.5 MB.

Unloading 5 unused Assets to reduce memory usage. Loaded Objects now: 1633.
Total: 2.523000 ms (FindLiveObjects: 0.269800 ms CreateObjectMapping: 0.067500 ms MarkObjects: 2.106000 ms  DeleteObjects: 0.077300 ms)

========================================================================
Received Import Request.
  Time since last request: 313.596350 seconds.
  path: Assets/Prefabs/Door2 Variant.prefab
  artifactKey: Guid(76eb59d093897c5448042f2755b382cb) Importer(815301076,1909f56bfc062723c751e8b465ee728b)
Start importing Assets/Prefabs/Door2 Variant.prefab using Guid(76eb59d093897c5448042f2755b382cb) Importer(815301076,1909f56bfc062723c751e8b465ee728b)  -> (artifact id: '5c7bd7cfb9d31784b162f62e4476aea4') in 0.095795 seconds
  Import took 0.098780 seconds .

========================================================================
Received Import Request.
  Time since last request: 12.450611 seconds.
  path: Assets/Prefabs/Door2 Variant.prefab
  artifactKey: Guid(76eb59d093897c5448042f2755b382cb) Importer(815301076,1909f56bfc062723c751e8b465ee728b)
Start importing Assets/Prefabs/Door2 Variant.prefab using Guid(76eb59d093897c5448042f2755b382cb) Importer(815301076,1909f56bfc062723c751e8b465ee728b)  -> (artifact id: '258cdaee5802f9329caf55ec614e4ec7') in 0.016192 seconds
  Import took 0.020224 seconds .

========================================================================
Received Prepare
Registering precompiled user dll's ...
Registered in 0.000883 seconds.
Begin MonoManager ReloadAssembly
Native extension for WindowsStandalone target not found
Refreshing native plugins compatible for Editor in 0.30 ms, found 0 plugins.
Preloading 0 native plugins for Editor in 0.00 ms.
Invoked RoslynAnalysisRunner static constructor.
RoslynAnalysisRunner will not be running.
RoslynAnalysisRunner has terminated.
Mono: successfully reloaded assembly
- Completed reload, in  1.288 seconds
Platform modules already initialized, skipping
Refreshing native plugins compatible for Editor in 0.28 ms, found 0 plugins.
Preloading 0 native plugins for Editor in 0.00 ms.
Unloading 1122 Unused Serialized files (Serialized files now loaded: 0)
System memory in use before: 61.4 MB.
System memory in use after: 61.5 MB.

Unloading 5 unused Assets to reduce memory usage. Loaded Objects now: 1637.
Total: 2.704700 ms (FindLiveObjects: 0.245100 ms CreateObjectMapping: 0.085500 ms MarkObjects: 2.295800 ms  DeleteObjects: 0.076800 ms)

========================================================================
Received Import Request.
  Time since last request: 358.946509 seconds.
  path: Assets/Scripts/BulletDestroy.cs
  artifactKey: Guid(5247d85698c451c4daf5e894c7d264a2) Importer(815301076,1909f56bfc062723c751e8b465ee728b)
Start importing Assets/Scripts/BulletDestroy.cs using Guid(5247d85698c451c4daf5e894c7d264a2) Importer(815301076,1909f56bfc062723c751e8b465ee728b)  -> (artifact id: '2d509291eeffababbd7e42e334837ecf') in 0.023482 seconds
  Import took 0.026971 seconds .

========================================================================
Received Prepare
Registering precompiled user dll's ...
Registered in 0.000944 seconds.
Begin MonoManager ReloadAssembly
Native extension for WindowsStandalone target not found
Refreshing native plugins compatible for Editor in 0.29 ms, found 0 plugins.
Preloading 0 native plugins for Editor in 0.00 ms.
Invoked RoslynAnalysisRunner static constructor.
RoslynAnalysisRunner will not be running.
RoslynAnalysisRunner has terminated.
Mono: successfully reloaded assembly
- Completed reload, in  1.448 seconds
Platform modules already initialized, skipping
Refreshing native plugins compatible for Editor in 0.29 ms, found 0 plugins.
Preloading 0 native plugins for Editor in 0.00 ms.
Unloading 1123 Unused Serialized files (Serialized files now loaded: 0)
System memory in use before: 61.5 MB.
System memory in use after: 61.6 MB.

Unloading 5 unused Assets to reduce memory usage. Loaded Objects now: 1641.
Total: 2.534400 ms (FindLiveObjects: 0.347100 ms CreateObjectMapping: 0.060400 ms MarkObjects: 2.041500 ms  DeleteObjects: 0.083100 ms)

========================================================================
Received Prepare
Registering precompiled user dll's ...
Registered in 0.001327 seconds.
Begin MonoManager ReloadAssembly
Native extension for WindowsStandalone target not found
Refreshing native plugins compatible for Editor in 0.30 ms, found 0 plugins.
Preloading 0 native plugins for Editor in 0.00 ms.
Invoked RoslynAnalysisRunner static constructor.
RoslynAnalysisRunner will not be running.
RoslynAnalysisRunner has terminated.
Mono: successfully reloaded assembly
- Completed reload, in  1.274 seconds
Platform modules already initialized, skipping
Refreshing native plugins compatible for Editor in 0.41 ms, found 0 plugins.
Preloading 0 native plugins for Editor in 0.00 ms.
Unloading 1123 Unused Serialized files (Serialized files now loaded: 0)
System memory in use before: 61.5 MB.
System memory in use after: 61.6 MB.

Unloading 5 unused Assets to reduce memory usage. Loaded Objects now: 1644.
Total: 3.691600 ms (FindLiveObjects: 0.256000 ms CreateObjectMapping: 0.066800 ms MarkObjects: 3.255300 ms  DeleteObjects: 0.110900 ms)

========================================================================
Received Import Request.
  Time since last request: 159.015198 seconds.
  path: Assets/Scripts/BulletDestroy.cs
  artifactKey: Guid(5247d85698c451c4daf5e894c7d264a2) Importer(815301076,1909f56bfc062723c751e8b465ee728b)
Start importing Assets/Scripts/BulletDestroy.cs using Guid(5247d85698c451c4daf5e894c7d264a2) Importer(815301076,1909f56bfc062723c751e8b465ee728b)  -> (artifact id: '3ae4c1d3352cb9fa9e7b9ca24ad54877') in 0.013101 seconds
  Import took 0.017345 seconds .

========================================================================
Received Import Request.
  Time since last request: 10.778566 seconds.
  path: Assets/Prefabs/Builett.prefab
  artifactKey: Guid(d5d4c264a86ba8f459eed0efcee2245a) Importer(815301076,1909f56bfc062723c751e8b465ee728b)
Start importing Assets/Prefabs/Builett.prefab using Guid(d5d4c264a86ba8f459eed0efcee2245a) Importer(815301076,1909f56bfc062723c751e8b465ee728b)  -> (artifact id: '03a341ceddd4a059a8ce8d15def48451') in 0.093392 seconds
  Import took 0.096668 seconds .

========================================================================
Received Prepare
Registering precompiled user dll's ...
Registered in 0.001345 seconds.
Begin MonoManager ReloadAssembly
Native extension for WindowsStandalone target not found
Refreshing native plugins compatible for Editor in 0.32 ms, found 0 plugins.
Preloading 0 native plugins for Editor in 0.00 ms.
Invoked RoslynAnalysisRunner static constructor.
RoslynAnalysisRunner will not be running.
RoslynAnalysisRunner has terminated.
Mono: successfully reloaded assembly
- Completed reload, in  1.271 seconds
Platform modules already initialized, skipping
Refreshing native plugins compatible for Editor in 0.29 ms, found 0 plugins.
Preloading 0 native plugins for Editor in 0.00 ms.
Unloading 1123 Unused Serialized files (Serialized files now loaded: 0)
System memory in use before: 61.5 MB.
System memory in use after: 61.6 MB.

Unloading 5 unused Assets to reduce memory usage. Loaded Objects now: 1648.
Total: 2.208200 ms (FindLiveObjects: 0.200700 ms CreateObjectMapping: 0.041900 ms MarkObjects: 1.883500 ms  DeleteObjects: 0.080500 ms)

========================================================================
Received Prepare
Registering precompiled user dll's ...
Registered in 0.001341 seconds.
Begin MonoManager ReloadAssembly
Native extension for WindowsStandalone target not found
Refreshing native plugins compatible for Editor in 0.41 ms, found 0 plugins.
Preloading 0 native plugins for Editor in 0.00 ms.
Invoked RoslynAnalysisRunner static constructor.
RoslynAnalysisRunner will not be running.
RoslynAnalysisRunner has terminated.
Mono: successfully reloaded assembly
- Completed reload, in  1.401 seconds
Platform modules already initialized, skipping
Refreshing native plugins compatible for Editor in 0.41 ms, found 0 plugins.
Preloading 0 native plugins for Editor in 0.00 ms.
Unloading 1123 Unused Serialized files (Serialized files now loaded: 0)
System memory in use before: 61.5 MB.
System memory in use after: 61.6 MB.

Unloading 5 unused Assets to reduce memory usage. Loaded Objects now: 1651.
Total: 2.797600 ms (FindLiveObjects: 0.197600 ms CreateObjectMapping: 0.040600 ms MarkObjects: 2.472400 ms  DeleteObjects: 0.084600 ms)

========================================================================
Received Prepare
Registering precompiled user dll's ...
Registered in 0.000944 seconds.
Begin MonoManager ReloadAssembly
Native extension for WindowsStandalone target not found
Refreshing native plugins compatible for Editor in 0.31 ms, found 0 plugins.
Preloading 0 native plugins for Editor in 0.00 ms.
Invoked RoslynAnalysisRunner static constructor.
RoslynAnalysisRunner will not be running.
RoslynAnalysisRunner has terminated.
Mono: successfully reloaded assembly
- Completed reload, in  1.423 seconds
Platform modules already initialized, skipping
Refreshing native plugins compatible for Editor in 0.29 ms, found 0 plugins.
Preloading 0 native plugins for Editor in 0.00 ms.
Unloading 1123 Unused Serialized files (Serialized files now loaded: 0)
System memory in use before: 61.5 MB.
System memory in use after: 61.6 MB.

Unloading 5 unused Assets to reduce memory usage. Loaded Objects now: 1654.
Total: 5.086200 ms (FindLiveObjects: 0.394000 ms CreateObjectMapping: 0.070100 ms MarkObjects: 4.535800 ms  DeleteObjects: 0.084100 ms)

========================================================================
Received Prepare
Registering precompiled user dll's ...
Registered in 0.001319 seconds.
Begin MonoManager ReloadAssembly
Native extension for WindowsStandalone target not found
Refreshing native plugins compatible for Editor in 0.35 ms, found 0 plugins.
Preloading 0 native plugins for Editor in 0.00 ms.
Invoked RoslynAnalysisRunner static constructor.
RoslynAnalysisRunner will not be running.
RoslynAnalysisRunner has terminated.
Mono: successfully reloaded assembly
- Completed reload, in  1.304 seconds
Platform modules already initialized, skipping
Refreshing native plugins compatible for Editor in 0.29 ms, found 0 plugins.
Preloading 0 native plugins for Editor in 0.00 ms.
Unloading 1123 Unused Serialized files (Serialized files now loaded: 0)
System memory in use before: 61.5 MB.
System memory in use after: 61.6 MB.

Unloading 5 unused Assets to reduce memory usage. Loaded Objects now: 1657.
Total: 2.949200 ms (FindLiveObjects: 0.440100 ms CreateObjectMapping: 0.186300 ms MarkObjects: 2.219400 ms  DeleteObjects: 0.101500 ms)

========================================================================
Received Prepare
Registering precompiled user dll's ...
Registered in 0.001351 seconds.
Begin MonoManager ReloadAssembly
Native extension for WindowsStandalone target not found
Refreshing native plugins compatible for Editor in 0.29 ms, found 0 plugins.
Preloading 0 native plugins for Editor in 0.00 ms.
Invoked RoslynAnalysisRunner static constructor.
RoslynAnalysisRunner will not be running.
RoslynAnalysisRunner has terminated.
Mono: successfully reloaded assembly
- Completed reload, in  1.267 seconds
Platform modules already initialized, skipping
Script error: OnCollisionEnter
This message parameter has to be of type: Collision
The message will be ignored.

Refreshing native plugins compatible for Editor in 0.28 ms, found 0 plugins.
Preloading 0 native plugins for Editor in 0.00 ms.
Unloading 1123 Unused Serialized files (Serialized files now loaded: 0)
System memory in use before: 61.6 MB.
System memory in use after: 61.7 MB.

Unloading 5 unused Assets to reduce memory usage. Loaded Objects now: 1660.
Total: 2.772700 ms (FindLiveObjects: 0.205300 ms CreateObjectMapping: 0.042800 ms MarkObjects: 2.392700 ms  DeleteObjects: 0.129700 ms)

========================================================================
Received Prepare
Registering precompiled user dll's ...
Registered in 0.000983 seconds.
Begin MonoManager ReloadAssembly
Native extension for WindowsStandalone target not found
Refreshing native plugins compatible for Editor in 0.38 ms, found 0 plugins.
Preloading 0 native plugins for Editor in 0.00 ms.
Invoked RoslynAnalysisRunner static constructor.
RoslynAnalysisRunner will not be running.
RoslynAnalysisRunner has terminated.
Mono: successfully reloaded assembly
- Completed reload, in  1.411 seconds
Platform modules already initialized, skipping
Script error: OnCollisionEnter
This message parameter has to be of type: Collision
The message will be ignored.

Refreshing native plugins compatible for Editor in 0.29 ms, found 0 plugins.
Preloading 0 native plugins for Editor in 0.00 ms.
Unloading 1123 Unused Serialized files (Serialized files now loaded: 0)
System memory in use before: 61.6 MB.
System memory in use after: 61.7 MB.

Unloading 5 unused Assets to reduce memory usage. Loaded Objects now: 1663.
Total: 2.839800 ms (FindLiveObjects: 0.328800 ms CreateObjectMapping: 0.066000 ms MarkObjects: 2.359400 ms  DeleteObjects: 0.084200 ms)

========================================================================
Received Prepare
Registering precompiled user dll's ...
Registered in 0.000996 seconds.
Begin MonoManager ReloadAssembly
Native extension for WindowsStandalone target not found
Refreshing native plugins compatible for Editor in 0.28 ms, found 0 plugins.
Preloading 0 native plugins for Editor in 0.00 ms.
Invoked RoslynAnalysisRunner static constructor.
RoslynAnalysisRunner will not be running.
RoslynAnalysisRunner has terminated.
Mono: successfully reloaded assembly
- Completed reload, in  1.339 seconds
Platform modules already initialized, skipping
Refreshing native plugins compatible for Editor in 0.41 ms, found 0 plugins.
Preloading 0 native plugins for Editor in 0.00 ms.
Unloading 1123 Unused Serialized files (Serialized files now loaded: 0)
System memory in use before: 61.7 MB.
System memory in use after: 61.7 MB.

Unloading 5 unused Assets to reduce memory usage. Loaded Objects now: 1666.
Total: 3.408500 ms (FindLiveObjects: 0.214500 ms CreateObjectMapping: 0.043000 ms MarkObjects: 3.046900 ms  DeleteObjects: 0.102200 ms)

========================================================================
Received Prepare
Registering precompiled user dll's ...
Registered in 0.000983 seconds.
Begin MonoManager ReloadAssembly
Native extension for WindowsStandalone target not found
Refreshing native plugins compatible for Editor in 0.29 ms, found 0 plugins.
Preloading 0 native plugins for Editor in 0.00 ms.
Invoked RoslynAnalysisRunner static constructor.
RoslynAnalysisRunner will not be running.
RoslynAnalysisRunner has terminated.
Mono: successfully reloaded assembly
- Completed reload, in  1.397 seconds
Platform modules already initialized, skipping
Refreshing native plugins compatible for Editor in 0.29 ms, found 0 plugins.
Preloading 0 native plugins for Editor in 0.00 ms.
Unloading 1123 Unused Serialized files (Serialized files now loaded: 0)
System memory in use before: 61.7 MB.
System memory in use after: 61.7 MB.

Unloading 5 unused Assets to reduce memory usage. Loaded Objects now: 1669.
Total: 2.678000 ms (FindLiveObjects: 0.254400 ms CreateObjectMapping: 0.068400 ms MarkObjects: 2.266100 ms  DeleteObjects: 0.087300 ms)

AssetImportWorkerClient::OnTransportError - code=2 error=End of file
