Using pre-set license
Built from '2020.2/staging' branch; Version is '2020.2.7f1 (c53830e277f1) revision 12924976'; Using compiler version '192528614'; Build Type 'Release'
OS: 'Windows 10 Home; OS build 19042.985; Version 2009; 64bit' Language: 'ru' Physical Memory: 9885 MB
BatchMode: 1, IsHumanControllingUs: 0, StartBugReporterOnCrash: 0, Is64bit: 1, IsPro: 0

 COMMAND LINE ARGUMENTS:
C:\Program Files\Unity\Editor\Unity.exe
-adb2
-batchMode
-noUpm
-name
AssetImportWorker1
-projectPath
D:/Geekbrains/Curs/02ZnacomstvoUnity/HOMEWORKS/02/Bots collision
-logFile
Logs/AssetImportWorker1.log
-srvPort
63055
Successfully changed project path to: D:/Geekbrains/Curs/02ZnacomstvoUnity/HOMEWORKS/02/Bots collision
D:/Geekbrains/Curs/02ZnacomstvoUnity/HOMEWORKS/02/Bots collision
Using Asset Import Pipeline V2.
Refreshing native plugins compatible for Editor in 22.42 ms, found 0 plugins.
Preloading 0 native plugins for Editor in 0.00 ms.
Initialize engine version: 2020.2.7f1 (c53830e277f1)
[Subsystems] Discovering subsystems at path C:/Program Files/Unity/Editor/Data/Resources/UnitySubsystems
[Subsystems] Discovering subsystems at path D:/Geekbrains/Curs/02ZnacomstvoUnity/HOMEWORKS/02/Bots collision/Assets
GfxDevice: creating device client; threaded=0
Direct3D:
    Version:  Direct3D 11.0 [level 11.1]
    Renderer: AMD Radeon(TM) Graphics (ID=0x1636)
    Vendor:   
    VRAM:     4942 MB
    Driver:   27.20.11028.10001
Initialize mono
Mono path[0] = 'C:/Program Files/Unity/Editor/Data/Managed'
Mono path[1] = 'C:/Program Files/Unity/Editor/Data/MonoBleedingEdge/lib/mono/unityjit'
Mono config path = 'C:/Program Files/Unity/Editor/Data/MonoBleedingEdge/etc'
Using monoOptions --debugger-agent=transport=dt_socket,embedding=1,server=y,suspend=n,address=127.0.0.1:56708
Begin MonoManager ReloadAssembly
Registering precompiled unity dll's ...
Register platform support module: C:/Program Files/Unity/Editor/Data/PlaybackEngines/WindowsStandaloneSupport/UnityEditor.WindowsStandalone.Extensions.dll
Registered in 0.001662 seconds.
Native extension for WindowsStandalone target not found
Refreshing native plugins compatible for Editor in 25.46 ms, found 0 plugins.
Preloading 0 native plugins for Editor in 0.00 ms.
Invoked RoslynAnalysisRunner static constructor.
RoslynAnalysisRunner will not be running.
RoslynAnalysisRunner has terminated.
Mono: successfully reloaded assembly
- Completed reload, in  1.159 seconds
Platform modules already initialized, skipping
Registering precompiled user dll's ...
Registered in 0.000688 seconds.
Begin MonoManager ReloadAssembly
Native extension for WindowsStandalone target not found
Refreshing native plugins compatible for Editor in 0.25 ms, found 0 plugins.
Preloading 0 native plugins for Editor in 0.00 ms.
Invoked RoslynAnalysisRunner static constructor.
RoslynAnalysisRunner will not be running.
RoslynAnalysisRunner has terminated.
Mono: successfully reloaded assembly
- Completed reload, in  0.861 seconds
Platform modules already initialized, skipping
========================================================================
Worker process is ready to serve import requests
Launched and connected shader compiler UnityShaderCompiler.exe after 0.05 seconds
Refreshing native plugins compatible for Editor in 0.24 ms, found 0 plugins.
Preloading 0 native plugins for Editor in 0.00 ms.
Unloading 1137 Unused Serialized files (Serialized files now loaded: 0)
System memory in use before: 58.3 MB.
System memory in use after: 58.4 MB.

Unloading 10 unused Assets to reduce memory usage. Loaded Objects now: 1581.
Total: 2.621500 ms (FindLiveObjects: 0.250700 ms CreateObjectMapping: 0.082500 ms MarkObjects: 2.207600 ms  DeleteObjects: 0.079200 ms)

========================================================================
Received Import Request.
  path: Assets/Scripts/BulletDestroy.cs
  artifactKey: Guid(5247d85698c451c4daf5e894c7d264a2) Importer(815301076,1909f56bfc062723c751e8b465ee728b)
Start importing Assets/Scripts/BulletDestroy.cs using Guid(5247d85698c451c4daf5e894c7d264a2) Importer(815301076,1909f56bfc062723c751e8b465ee728b)  -> (artifact id: '4a8000f541680c2e51af5da1eec54764') in 0.023339 seconds
  Import took 0.025560 seconds .

========================================================================
Received Import Request.
  Time since last request: 0.000290 seconds.
  path: Assets/Scripts/DoorLogic.cs
  artifactKey: Guid(6d4169b5f7fb2714cadd3776e7e3173f) Importer(815301076,1909f56bfc062723c751e8b465ee728b)
Start importing Assets/Scripts/DoorLogic.cs using Guid(6d4169b5f7fb2714cadd3776e7e3173f) Importer(815301076,1909f56bfc062723c751e8b465ee728b)  -> (artifact id: '87ea6829ea70370bfbca7a5cb5f4370e') in 0.011791 seconds
  Import took 0.014169 seconds .

========================================================================
Received Import Request.
  Time since last request: 0.000221 seconds.
  path: Assets/Scripts/BotsInstantiate.cs
  artifactKey: Guid(ce14999d6bc600843b1a8a9421bf5295) Importer(815301076,1909f56bfc062723c751e8b465ee728b)
Start importing Assets/Scripts/BotsInstantiate.cs using Guid(ce14999d6bc600843b1a8a9421bf5295) Importer(815301076,1909f56bfc062723c751e8b465ee728b)  -> (artifact id: 'bb3cd53f7614fb89dfc495edbc60d729') in 0.012946 seconds
  Import took 0.015559 seconds .

========================================================================
Received Import Request.
  Time since last request: 1.059847 seconds.
  path: Assets/Scripts/HealthUpItem.cs
  artifactKey: Guid(08efd7ff1f1f3284583ba21491981a8a) Importer(815301076,1909f56bfc062723c751e8b465ee728b)
Start importing Assets/Scripts/HealthUpItem.cs using Guid(08efd7ff1f1f3284583ba21491981a8a) Importer(815301076,1909f56bfc062723c751e8b465ee728b)  -> (artifact id: '54205b9f5ce15a9993854aec58691390') in 0.008598 seconds
  Import took 0.011281 seconds .

========================================================================
Received Prepare
Registering precompiled user dll's ...
Registered in 0.000662 seconds.
Begin MonoManager ReloadAssembly
Native extension for WindowsStandalone target not found
Refreshing native plugins compatible for Editor in 0.23 ms, found 0 plugins.
Preloading 0 native plugins for Editor in 0.00 ms.
Invoked RoslynAnalysisRunner static constructor.
RoslynAnalysisRunner will not be running.
RoslynAnalysisRunner has terminated.
Mono: successfully reloaded assembly
- Completed reload, in  0.820 seconds
Platform modules already initialized, skipping
Refreshing native plugins compatible for Editor in 0.23 ms, found 0 plugins.
Preloading 0 native plugins for Editor in 0.00 ms.
Unloading 1131 Unused Serialized files (Serialized files now loaded: 0)
System memory in use before: 58.3 MB.
System memory in use after: 58.3 MB.

Unloading 6 unused Assets to reduce memory usage. Loaded Objects now: 1583.
Total: 1.892500 ms (FindLiveObjects: 0.160400 ms CreateObjectMapping: 0.028900 ms MarkObjects: 1.632400 ms  DeleteObjects: 0.069000 ms)

========================================================================
Received Import Request.
  Time since last request: 37.260699 seconds.
  path: Assets/testTimeManager.cs
  artifactKey: Guid(73b6944caad8559498352af18b40467f) Importer(815301076,1909f56bfc062723c751e8b465ee728b)
Start importing Assets/testTimeManager.cs using Guid(73b6944caad8559498352af18b40467f) Importer(815301076,1909f56bfc062723c751e8b465ee728b)  -> (artifact id: '44ece4f2798beab91e0ee6e6be2eee2a') in 0.022196 seconds
  Import took 0.024275 seconds .

========================================================================
Received Prepare
Registering precompiled user dll's ...
Registered in 0.001068 seconds.
Begin MonoManager ReloadAssembly
Native extension for WindowsStandalone target not found
Refreshing native plugins compatible for Editor in 0.24 ms, found 0 plugins.
Preloading 0 native plugins for Editor in 0.00 ms.
Invoked RoslynAnalysisRunner static constructor.
RoslynAnalysisRunner will not be running.
RoslynAnalysisRunner has terminated.
Mono: successfully reloaded assembly
- Completed reload, in  0.831 seconds
Platform modules already initialized, skipping
Refreshing native plugins compatible for Editor in 0.23 ms, found 0 plugins.
Preloading 0 native plugins for Editor in 0.00 ms.
Unloading 1130 Unused Serialized files (Serialized files now loaded: 0)
System memory in use before: 58.3 MB.
System memory in use after: 58.3 MB.

Unloading 6 unused Assets to reduce memory usage. Loaded Objects now: 1585.
Total: 2.825300 ms (FindLiveObjects: 0.230000 ms CreateObjectMapping: 0.067200 ms MarkObjects: 2.465100 ms  DeleteObjects: 0.061300 ms)

========================================================================
Received Prepare
Registering precompiled user dll's ...
Registered in 0.000825 seconds.
Begin MonoManager ReloadAssembly
Native extension for WindowsStandalone target not found
Refreshing native plugins compatible for Editor in 0.23 ms, found 0 plugins.
Preloading 0 native plugins for Editor in 0.00 ms.
Invoked RoslynAnalysisRunner static constructor.
RoslynAnalysisRunner will not be running.
RoslynAnalysisRunner has terminated.
Mono: successfully reloaded assembly
- Completed reload, in  0.831 seconds
Platform modules already initialized, skipping
Refreshing native plugins compatible for Editor in 0.22 ms, found 0 plugins.
Preloading 0 native plugins for Editor in 0.00 ms.
Unloading 1129 Unused Serialized files (Serialized files now loaded: 0)
System memory in use before: 58.2 MB.
System memory in use after: 58.3 MB.

Unloading 6 unused Assets to reduce memory usage. Loaded Objects now: 1587.
Total: 1.879100 ms (FindLiveObjects: 0.239700 ms CreateObjectMapping: 0.057400 ms MarkObjects: 1.518100 ms  DeleteObjects: 0.061900 ms)

========================================================================
Received Import Request.
  Time since last request: 9.722956 seconds.
  path: Assets/timeManager.cs
  artifactKey: Guid(5ec877720ce6bf34cbae6ce687ff51f7) Importer(815301076,1909f56bfc062723c751e8b465ee728b)
Start importing Assets/timeManager.cs using Guid(5ec877720ce6bf34cbae6ce687ff51f7) Importer(815301076,1909f56bfc062723c751e8b465ee728b)  -> (artifact id: '511749609f3c76c0ed1574f41f564de4') in 0.008473 seconds
  Import took 0.010685 seconds .

========================================================================
Received Prepare
Registering precompiled user dll's ...
Registered in 0.000686 seconds.
Begin MonoManager ReloadAssembly
Native extension for WindowsStandalone target not found
Refreshing native plugins compatible for Editor in 0.23 ms, found 0 plugins.
Preloading 0 native plugins for Editor in 0.00 ms.
Invoked RoslynAnalysisRunner static constructor.
RoslynAnalysisRunner will not be running.
RoslynAnalysisRunner has terminated.
Mono: successfully reloaded assembly
- Completed reload, in  0.816 seconds
Platform modules already initialized, skipping
Refreshing native plugins compatible for Editor in 0.23 ms, found 0 plugins.
Preloading 0 native plugins for Editor in 0.00 ms.
Unloading 1129 Unused Serialized files (Serialized files now loaded: 0)
System memory in use before: 58.3 MB.
System memory in use after: 58.3 MB.

Unloading 5 unused Assets to reduce memory usage. Loaded Objects now: 1590.
Total: 2.043600 ms (FindLiveObjects: 0.211900 ms CreateObjectMapping: 0.054700 ms MarkObjects: 1.718100 ms  DeleteObjects: 0.057600 ms)

========================================================================
Received Prepare
Registering precompiled user dll's ...
Registered in 0.000695 seconds.
Begin MonoManager ReloadAssembly
Native extension for WindowsStandalone target not found
Refreshing native plugins compatible for Editor in 0.23 ms, found 0 plugins.
Preloading 0 native plugins for Editor in 0.00 ms.
Invoked RoslynAnalysisRunner static constructor.
RoslynAnalysisRunner will not be running.
RoslynAnalysisRunner has terminated.
Mono: successfully reloaded assembly
- Completed reload, in  0.814 seconds
Platform modules already initialized, skipping
Refreshing native plugins compatible for Editor in 0.24 ms, found 0 plugins.
Preloading 0 native plugins for Editor in 0.00 ms.
Unloading 1129 Unused Serialized files (Serialized files now loaded: 0)
System memory in use before: 58.3 MB.
System memory in use after: 58.3 MB.

Unloading 5 unused Assets to reduce memory usage. Loaded Objects now: 1593.
Total: 2.542400 ms (FindLiveObjects: 0.239800 ms CreateObjectMapping: 0.073700 ms MarkObjects: 2.166700 ms  DeleteObjects: 0.060600 ms)

AssetImportWorkerClient::OnTransportError - code=2 error=End of file
